INFO - 2023-10-05 02:16:37 --> Session: Class initialized using 'CodeIgniter\Session\Handlers\FileHandler' driver.
INFO - 2023-10-05 02:16:38 --> Session: Class initialized using 'CodeIgniter\Session\Handlers\FileHandler' driver.
INFO - 2023-10-05 02:16:38 --> Session: Class initialized using 'CodeIgniter\Session\Handlers\FileHandler' driver.
INFO - 2023-10-05 02:16:40 --> Session: Class initialized using 'CodeIgniter\Session\Handlers\FileHandler' driver.
INFO - 2023-10-05 02:16:43 --> Session: Class initialized using 'CodeIgniter\Session\Handlers\FileHandler' driver.
INFO - 2023-10-05 02:16:52 --> Session: Class initialized using 'CodeIgniter\Session\Handlers\FileHandler' driver.
INFO - 2023-10-05 02:17:06 --> Session: Class initialized using 'CodeIgniter\Session\Handlers\FileHandler' driver.
INFO - 2023-10-05 02:17:08 --> Session: Class initialized using 'CodeIgniter\Session\Handlers\FileHandler' driver.
INFO - 2023-10-05 02:17:17 --> Session: Class initialized using 'CodeIgniter\Session\Handlers\FileHandler' driver.
INFO - 2023-10-05 20:53:55 --> Session: Class initialized using 'CodeIgniter\Session\Handlers\FileHandler' driver.
INFO - 2023-10-05 21:30:04 --> Session: Class initialized using 'CodeIgniter\Session\Handlers\FileHandler' driver.
INFO - 2023-10-05 21:30:04 --> Session: Class initialized using 'CodeIgniter\Session\Handlers\FileHandler' driver.
INFO - 2023-10-05 21:34:50 --> Session: Class initialized using 'CodeIgniter\Session\Handlers\FileHandler' driver.
ERROR - 2023-10-05 21:34:50 --> Error connecting to the database: mysqli_sql_exception: Access denied for user 'root'@'localhost' (using password: YES) in C:\xampp\htdocs\dostx-registration\system\Database\MySQLi\Connection.php:185
Stack trace:
#0 C:\xampp\htdocs\dostx-registration\system\Database\MySQLi\Connection.php(185): mysqli->real_connect('localhost', 'root', 'D0$Tregion10', 'conplan', 3306, '', 0)
#1 C:\xampp\htdocs\dostx-registration\system\Database\BaseConnection.php(391): CodeIgniter\Database\MySQLi\Connection->connect(false)
#2 C:\xampp\htdocs\dostx-registration\system\Database\BaseConnection.php(574): CodeIgniter\Database\BaseConnection->initialize()
#3 C:\xampp\htdocs\dostx-registration\system\Database\BaseBuilder.php(1615): CodeIgniter\Database\BaseConnection->query('SELECT *\nFROM `...', Array, false)
#4 C:\xampp\htdocs\dostx-registration\rstw2023\app\Models\HomeModel.php(14): CodeIgniter\Database\BaseBuilder->get()
#5 C:\xampp\htdocs\dostx-registration\rstw2023\app\Controllers\Home.php(24): App\Models\HomeModel->get_data('tbluser', Array)
#6 C:\xampp\htdocs\dostx-registration\system\CodeIgniter.php(919): App\Controllers\Home->login()
#7 C:\xampp\htdocs\dostx-registration\system\CodeIgniter.php(494): CodeIgniter\CodeIgniter->runController(Object(App\Controllers\Home))
#8 C:\xampp\htdocs\dostx-registration\system\CodeIgniter.php(353): CodeIgniter\CodeIgniter->handleRequest(NULL, Object(Config\Cache), false)
#9 C:\xampp\htdocs\dostx-registration\rstw2023\index.php(82): CodeIgniter\CodeIgniter->run()
#10 {main}

Next CodeIgniter\Database\Exceptions\DatabaseException: Access denied for user '****'@'localhost' (using password: YES) in C:\xampp\htdocs\dostx-registration\system\Database\MySQLi\Connection.php:229
Stack trace:
#0 C:\xampp\htdocs\dostx-registration\system\Database\BaseConnection.php(391): CodeIgniter\Database\MySQLi\Connection->connect(false)
#1 C:\xampp\htdocs\dostx-registration\system\Database\BaseConnection.php(574): CodeIgniter\Database\BaseConnection->initialize()
#2 C:\xampp\htdocs\dostx-registration\system\Database\BaseBuilder.php(1615): CodeIgniter\Database\BaseConnection->query('SELECT *\nFROM `...', Array, false)
#3 C:\xampp\htdocs\dostx-registration\rstw2023\app\Models\HomeModel.php(14): CodeIgniter\Database\BaseBuilder->get()
#4 C:\xampp\htdocs\dostx-registration\rstw2023\app\Controllers\Home.php(24): App\Models\HomeModel->get_data('tbluser', Array)
#5 C:\xampp\htdocs\dostx-registration\system\CodeIgniter.php(919): App\Controllers\Home->login()
#6 C:\xampp\htdocs\dostx-registration\system\CodeIgniter.php(494): CodeIgniter\CodeIgniter->runController(Object(App\Controllers\Home))
#7 C:\xampp\htdocs\dostx-registration\system\CodeIgniter.php(353): CodeIgniter\CodeIgniter->handleRequest(NULL, Object(Config\Cache), false)
#8 C:\xampp\htdocs\dostx-registration\rstw2023\index.php(82): CodeIgniter\CodeIgniter->run()
#9 {main}
CRITICAL - 2023-10-05 21:34:50 --> Unable to connect to the database.
Main connection [MySQLi]: Access denied for user '****'@'localhost' (using password: YES)
in SYSTEMPATH\Database\BaseConnection.php on line 427.
 1 SYSTEMPATH\Database\BaseConnection.php(574): CodeIgniter\Database\BaseConnection->initialize()
 2 SYSTEMPATH\Database\BaseBuilder.php(1615): CodeIgniter\Database\BaseConnection->query('SELECT *
FROM `tbluser`
WHERE `username` = :username:', [...], false)
 3 APPPATH\Models\HomeModel.php(14): CodeIgniter\Database\BaseBuilder->get()
 4 APPPATH\Controllers\Home.php(24): App\Models\HomeModel->get_data('tbluser', [...])
 5 SYSTEMPATH\CodeIgniter.php(919): App\Controllers\Home->login()
 6 SYSTEMPATH\CodeIgniter.php(494): CodeIgniter\CodeIgniter->runController(Object(App\Controllers\Home))
 7 SYSTEMPATH\CodeIgniter.php(353): CodeIgniter\CodeIgniter->handleRequest(null, Object(Config\Cache), false)
 8 FCPATH\index.php(82): CodeIgniter\CodeIgniter->run()
