INFO - 2023-09-17 18:07:33 --> Session: Class initialized using 'CodeIgniter\Session\Handlers\FileHandler' driver.
INFO - 2023-09-17 18:07:45 --> Session: Class initialized using 'CodeIgniter\Session\Handlers\FileHandler' driver.
INFO - 2023-09-17 18:07:55 --> Session: Class initialized using 'CodeIgniter\Session\Handlers\FileHandler' driver.
INFO - 2023-09-17 18:08:02 --> Session: Class initialized using 'CodeIgniter\Session\Handlers\FileHandler' driver.
INFO - 2023-09-17 18:08:03 --> Session: Class initialized using 'CodeIgniter\Session\Handlers\FileHandler' driver.
INFO - 2023-09-17 18:15:54 --> Session: Class initialized using 'CodeIgniter\Session\Handlers\FileHandler' driver.
WARNING - 2023-09-17 18:15:54 --> [DEPRECATED] substr(): Passing null to parameter #1 ($string) of type string is deprecated in APPPATH\Views\admin\registration-link-list.php on line 27.
 1 APPPATH\Views\admin\registration-link-list.php(27): substr(null, 0, 100)
 2 SYSTEMPATH\View\View.php(226): include('C:\\xampp\\htdocs\\dostx-registration\\handa\\app\\Views\\admin\\registration-link-list.php')
 3 SYSTEMPATH\View\View.php(229): CodeIgniter\View\View->CodeIgniter\View\{closure}()
 4 SYSTEMPATH\Common.php(1188): CodeIgniter\View\View->render('admin/registration-link-list', [], true)
 5 APPPATH\Controllers\Admin.php(20): view('admin/registration-link-list', [...])
 6 SYSTEMPATH\CodeIgniter.php(919): App\Controllers\Admin->registrationList()
 7 SYSTEMPATH\CodeIgniter.php(494): CodeIgniter\CodeIgniter->runController(Object(App\Controllers\Admin))
 8 SYSTEMPATH\CodeIgniter.php(353): CodeIgniter\CodeIgniter->handleRequest(null, Object(Config\Cache), false)
 9 FCPATH\index.php(82): CodeIgniter\CodeIgniter->run()
WARNING - 2023-09-17 18:15:54 --> [DEPRECATED] substr(): Passing null to parameter #1 ($string) of type string is deprecated in APPPATH\Views\admin\registration-link-list.php on line 27.
 1 APPPATH\Views\admin\registration-link-list.php(27): substr(null, 0, 100)
 2 SYSTEMPATH\View\View.php(226): include('C:\\xampp\\htdocs\\dostx-registration\\handa\\app\\Views\\admin\\registration-link-list.php')
 3 SYSTEMPATH\View\View.php(229): CodeIgniter\View\View->CodeIgniter\View\{closure}()
 4 SYSTEMPATH\Common.php(1188): CodeIgniter\View\View->render('admin/registration-link-list', [], true)
 5 APPPATH\Controllers\Admin.php(20): view('admin/registration-link-list', [...])
 6 SYSTEMPATH\CodeIgniter.php(919): App\Controllers\Admin->registrationList()
 7 SYSTEMPATH\CodeIgniter.php(494): CodeIgniter\CodeIgniter->runController(Object(App\Controllers\Admin))
 8 SYSTEMPATH\CodeIgniter.php(353): CodeIgniter\CodeIgniter->handleRequest(null, Object(Config\Cache), false)
 9 FCPATH\index.php(82): CodeIgniter\CodeIgniter->run()
WARNING - 2023-09-17 18:15:54 --> [DEPRECATED] substr(): Passing null to parameter #1 ($string) of type string is deprecated in APPPATH\Views\admin\registration-link-list.php on line 27.
 1 APPPATH\Views\admin\registration-link-list.php(27): substr(null, 0, 100)
 2 SYSTEMPATH\View\View.php(226): include('C:\\xampp\\htdocs\\dostx-registration\\handa\\app\\Views\\admin\\registration-link-list.php')
 3 SYSTEMPATH\View\View.php(229): CodeIgniter\View\View->CodeIgniter\View\{closure}()
 4 SYSTEMPATH\Common.php(1188): CodeIgniter\View\View->render('admin/registration-link-list', [], true)
 5 APPPATH\Controllers\Admin.php(20): view('admin/registration-link-list', [...])
 6 SYSTEMPATH\CodeIgniter.php(919): App\Controllers\Admin->registrationList()
 7 SYSTEMPATH\CodeIgniter.php(494): CodeIgniter\CodeIgniter->runController(Object(App\Controllers\Admin))
 8 SYSTEMPATH\CodeIgniter.php(353): CodeIgniter\CodeIgniter->handleRequest(null, Object(Config\Cache), false)
 9 FCPATH\index.php(82): CodeIgniter\CodeIgniter->run()
WARNING - 2023-09-17 18:15:54 --> [DEPRECATED] substr(): Passing null to parameter #1 ($string) of type string is deprecated in APPPATH\Views\admin\registration-link-list.php on line 27.
 1 APPPATH\Views\admin\registration-link-list.php(27): substr(null, 0, 100)
 2 SYSTEMPATH\View\View.php(226): include('C:\\xampp\\htdocs\\dostx-registration\\handa\\app\\Views\\admin\\registration-link-list.php')
 3 SYSTEMPATH\View\View.php(229): CodeIgniter\View\View->CodeIgniter\View\{closure}()
 4 SYSTEMPATH\Common.php(1188): CodeIgniter\View\View->render('admin/registration-link-list', [], true)
 5 APPPATH\Controllers\Admin.php(20): view('admin/registration-link-list', [...])
 6 SYSTEMPATH\CodeIgniter.php(919): App\Controllers\Admin->registrationList()
 7 SYSTEMPATH\CodeIgniter.php(494): CodeIgniter\CodeIgniter->runController(Object(App\Controllers\Admin))
 8 SYSTEMPATH\CodeIgniter.php(353): CodeIgniter\CodeIgniter->handleRequest(null, Object(Config\Cache), false)
 9 FCPATH\index.php(82): CodeIgniter\CodeIgniter->run()
WARNING - 2023-09-17 18:15:54 --> [DEPRECATED] substr(): Passing null to parameter #1 ($string) of type string is deprecated in APPPATH\Views\admin\registration-link-list.php on line 27.
 1 APPPATH\Views\admin\registration-link-list.php(27): substr(null, 0, 100)
 2 SYSTEMPATH\View\View.php(226): include('C:\\xampp\\htdocs\\dostx-registration\\handa\\app\\Views\\admin\\registration-link-list.php')
 3 SYSTEMPATH\View\View.php(229): CodeIgniter\View\View->CodeIgniter\View\{closure}()
 4 SYSTEMPATH\Common.php(1188): CodeIgniter\View\View->render('admin/registration-link-list', [], true)
 5 APPPATH\Controllers\Admin.php(20): view('admin/registration-link-list', [...])
 6 SYSTEMPATH\CodeIgniter.php(919): App\Controllers\Admin->registrationList()
 7 SYSTEMPATH\CodeIgniter.php(494): CodeIgniter\CodeIgniter->runController(Object(App\Controllers\Admin))
 8 SYSTEMPATH\CodeIgniter.php(353): CodeIgniter\CodeIgniter->handleRequest(null, Object(Config\Cache), false)
 9 FCPATH\index.php(82): CodeIgniter\CodeIgniter->run()
WARNING - 2023-09-17 18:15:54 --> [DEPRECATED] substr(): Passing null to parameter #1 ($string) of type string is deprecated in APPPATH\Views\admin\registration-link-list.php on line 27.
 1 APPPATH\Views\admin\registration-link-list.php(27): substr(null, 0, 100)
 2 SYSTEMPATH\View\View.php(226): include('C:\\xampp\\htdocs\\dostx-registration\\handa\\app\\Views\\admin\\registration-link-list.php')
 3 SYSTEMPATH\View\View.php(229): CodeIgniter\View\View->CodeIgniter\View\{closure}()
 4 SYSTEMPATH\Common.php(1188): CodeIgniter\View\View->render('admin/registration-link-list', [], true)
 5 APPPATH\Controllers\Admin.php(20): view('admin/registration-link-list', [...])
 6 SYSTEMPATH\CodeIgniter.php(919): App\Controllers\Admin->registrationList()
 7 SYSTEMPATH\CodeIgniter.php(494): CodeIgniter\CodeIgniter->runController(Object(App\Controllers\Admin))
 8 SYSTEMPATH\CodeIgniter.php(353): CodeIgniter\CodeIgniter->handleRequest(null, Object(Config\Cache), false)
 9 FCPATH\index.php(82): CodeIgniter\CodeIgniter->run()
WARNING - 2023-09-17 18:15:54 --> [DEPRECATED] substr(): Passing null to parameter #1 ($string) of type string is deprecated in APPPATH\Views\admin\registration-link-list.php on line 27.
 1 APPPATH\Views\admin\registration-link-list.php(27): substr(null, 0, 100)
 2 SYSTEMPATH\View\View.php(226): include('C:\\xampp\\htdocs\\dostx-registration\\handa\\app\\Views\\admin\\registration-link-list.php')
 3 SYSTEMPATH\View\View.php(229): CodeIgniter\View\View->CodeIgniter\View\{closure}()
 4 SYSTEMPATH\Common.php(1188): CodeIgniter\View\View->render('admin/registration-link-list', [], true)
 5 APPPATH\Controllers\Admin.php(20): view('admin/registration-link-list', [...])
 6 SYSTEMPATH\CodeIgniter.php(919): App\Controllers\Admin->registrationList()
 7 SYSTEMPATH\CodeIgniter.php(494): CodeIgniter\CodeIgniter->runController(Object(App\Controllers\Admin))
 8 SYSTEMPATH\CodeIgniter.php(353): CodeIgniter\CodeIgniter->handleRequest(null, Object(Config\Cache), false)
 9 FCPATH\index.php(82): CodeIgniter\CodeIgniter->run()
WARNING - 2023-09-17 18:15:54 --> [DEPRECATED] substr(): Passing null to parameter #1 ($string) of type string is deprecated in APPPATH\Views\admin\registration-link-list.php on line 27.
 1 APPPATH\Views\admin\registration-link-list.php(27): substr(null, 0, 100)
 2 SYSTEMPATH\View\View.php(226): include('C:\\xampp\\htdocs\\dostx-registration\\handa\\app\\Views\\admin\\registration-link-list.php')
 3 SYSTEMPATH\View\View.php(229): CodeIgniter\View\View->CodeIgniter\View\{closure}()
 4 SYSTEMPATH\Common.php(1188): CodeIgniter\View\View->render('admin/registration-link-list', [], true)
 5 APPPATH\Controllers\Admin.php(20): view('admin/registration-link-list', [...])
 6 SYSTEMPATH\CodeIgniter.php(919): App\Controllers\Admin->registrationList()
 7 SYSTEMPATH\CodeIgniter.php(494): CodeIgniter\CodeIgniter->runController(Object(App\Controllers\Admin))
 8 SYSTEMPATH\CodeIgniter.php(353): CodeIgniter\CodeIgniter->handleRequest(null, Object(Config\Cache), false)
 9 FCPATH\index.php(82): CodeIgniter\CodeIgniter->run()
WARNING - 2023-09-17 18:15:54 --> [DEPRECATED] substr(): Passing null to parameter #1 ($string) of type string is deprecated in APPPATH\Views\admin\registration-link-list.php on line 27.
 1 APPPATH\Views\admin\registration-link-list.php(27): substr(null, 0, 100)
 2 SYSTEMPATH\View\View.php(226): include('C:\\xampp\\htdocs\\dostx-registration\\handa\\app\\Views\\admin\\registration-link-list.php')
 3 SYSTEMPATH\View\View.php(229): CodeIgniter\View\View->CodeIgniter\View\{closure}()
 4 SYSTEMPATH\Common.php(1188): CodeIgniter\View\View->render('admin/registration-link-list', [], true)
 5 APPPATH\Controllers\Admin.php(20): view('admin/registration-link-list', [...])
 6 SYSTEMPATH\CodeIgniter.php(919): App\Controllers\Admin->registrationList()
 7 SYSTEMPATH\CodeIgniter.php(494): CodeIgniter\CodeIgniter->runController(Object(App\Controllers\Admin))
 8 SYSTEMPATH\CodeIgniter.php(353): CodeIgniter\CodeIgniter->handleRequest(null, Object(Config\Cache), false)
 9 FCPATH\index.php(82): CodeIgniter\CodeIgniter->run()
WARNING - 2023-09-17 18:15:54 --> [DEPRECATED] substr(): Passing null to parameter #1 ($string) of type string is deprecated in APPPATH\Views\admin\registration-link-list.php on line 27.
 1 APPPATH\Views\admin\registration-link-list.php(27): substr(null, 0, 100)
 2 SYSTEMPATH\View\View.php(226): include('C:\\xampp\\htdocs\\dostx-registration\\handa\\app\\Views\\admin\\registration-link-list.php')
 3 SYSTEMPATH\View\View.php(229): CodeIgniter\View\View->CodeIgniter\View\{closure}()
 4 SYSTEMPATH\Common.php(1188): CodeIgniter\View\View->render('admin/registration-link-list', [], true)
 5 APPPATH\Controllers\Admin.php(20): view('admin/registration-link-list', [...])
 6 SYSTEMPATH\CodeIgniter.php(919): App\Controllers\Admin->registrationList()
 7 SYSTEMPATH\CodeIgniter.php(494): CodeIgniter\CodeIgniter->runController(Object(App\Controllers\Admin))
 8 SYSTEMPATH\CodeIgniter.php(353): CodeIgniter\CodeIgniter->handleRequest(null, Object(Config\Cache), false)
 9 FCPATH\index.php(82): CodeIgniter\CodeIgniter->run()
WARNING - 2023-09-17 18:15:54 --> [DEPRECATED] substr(): Passing null to parameter #1 ($string) of type string is deprecated in APPPATH\Views\admin\registration-link-list.php on line 27.
 1 APPPATH\Views\admin\registration-link-list.php(27): substr(null, 0, 100)
 2 SYSTEMPATH\View\View.php(226): include('C:\\xampp\\htdocs\\dostx-registration\\handa\\app\\Views\\admin\\registration-link-list.php')
 3 SYSTEMPATH\View\View.php(229): CodeIgniter\View\View->CodeIgniter\View\{closure}()
 4 SYSTEMPATH\Common.php(1188): CodeIgniter\View\View->render('admin/registration-link-list', [], true)
 5 APPPATH\Controllers\Admin.php(20): view('admin/registration-link-list', [...])
 6 SYSTEMPATH\CodeIgniter.php(919): App\Controllers\Admin->registrationList()
 7 SYSTEMPATH\CodeIgniter.php(494): CodeIgniter\CodeIgniter->runController(Object(App\Controllers\Admin))
 8 SYSTEMPATH\CodeIgniter.php(353): CodeIgniter\CodeIgniter->handleRequest(null, Object(Config\Cache), false)
 9 FCPATH\index.php(82): CodeIgniter\CodeIgniter->run()
WARNING - 2023-09-17 18:15:54 --> [DEPRECATED] substr(): Passing null to parameter #1 ($string) of type string is deprecated in APPPATH\Views\admin\registration-link-list.php on line 27.
 1 APPPATH\Views\admin\registration-link-list.php(27): substr(null, 0, 100)
 2 SYSTEMPATH\View\View.php(226): include('C:\\xampp\\htdocs\\dostx-registration\\handa\\app\\Views\\admin\\registration-link-list.php')
 3 SYSTEMPATH\View\View.php(229): CodeIgniter\View\View->CodeIgniter\View\{closure}()
 4 SYSTEMPATH\Common.php(1188): CodeIgniter\View\View->render('admin/registration-link-list', [], true)
 5 APPPATH\Controllers\Admin.php(20): view('admin/registration-link-list', [...])
 6 SYSTEMPATH\CodeIgniter.php(919): App\Controllers\Admin->registrationList()
 7 SYSTEMPATH\CodeIgniter.php(494): CodeIgniter\CodeIgniter->runController(Object(App\Controllers\Admin))
 8 SYSTEMPATH\CodeIgniter.php(353): CodeIgniter\CodeIgniter->handleRequest(null, Object(Config\Cache), false)
 9 FCPATH\index.php(82): CodeIgniter\CodeIgniter->run()
WARNING - 2023-09-17 18:15:54 --> [DEPRECATED] substr(): Passing null to parameter #1 ($string) of type string is deprecated in APPPATH\Views\admin\registration-link-list.php on line 27.
 1 APPPATH\Views\admin\registration-link-list.php(27): substr(null, 0, 100)
 2 SYSTEMPATH\View\View.php(226): include('C:\\xampp\\htdocs\\dostx-registration\\handa\\app\\Views\\admin\\registration-link-list.php')
 3 SYSTEMPATH\View\View.php(229): CodeIgniter\View\View->CodeIgniter\View\{closure}()
 4 SYSTEMPATH\Common.php(1188): CodeIgniter\View\View->render('admin/registration-link-list', [], true)
 5 APPPATH\Controllers\Admin.php(20): view('admin/registration-link-list', [...])
 6 SYSTEMPATH\CodeIgniter.php(919): App\Controllers\Admin->registrationList()
 7 SYSTEMPATH\CodeIgniter.php(494): CodeIgniter\CodeIgniter->runController(Object(App\Controllers\Admin))
 8 SYSTEMPATH\CodeIgniter.php(353): CodeIgniter\CodeIgniter->handleRequest(null, Object(Config\Cache), false)
 9 FCPATH\index.php(82): CodeIgniter\CodeIgniter->run()
INFO - 2023-09-17 18:15:56 --> Session: Class initialized using 'CodeIgniter\Session\Handlers\FileHandler' driver.
WARNING - 2023-09-17 18:15:57 --> [DEPRECATED] substr(): Passing null to parameter #1 ($string) of type string is deprecated in APPPATH\Views\admin\w-registration-link-list.php on line 24.
 1 APPPATH\Views\admin\w-registration-link-list.php(24): substr(null, 0, 100)
 2 SYSTEMPATH\View\View.php(226): include('C:\\xampp\\htdocs\\dostx-registration\\handa\\app\\Views\\admin\\w-registration-link-list.php')
 3 SYSTEMPATH\View\View.php(229): CodeIgniter\View\View->CodeIgniter\View\{closure}()
 4 SYSTEMPATH\Common.php(1188): CodeIgniter\View\View->render('admin/w-registration-link-list', [], true)
 5 APPPATH\Controllers\Admin.php(26): view('admin/w-registration-link-list', [...])
 6 SYSTEMPATH\CodeIgniter.php(919): App\Controllers\Admin->registrationWalkInList()
 7 SYSTEMPATH\CodeIgniter.php(494): CodeIgniter\CodeIgniter->runController(Object(App\Controllers\Admin))
 8 SYSTEMPATH\CodeIgniter.php(353): CodeIgniter\CodeIgniter->handleRequest(null, Object(Config\Cache), false)
 9 FCPATH\index.php(82): CodeIgniter\CodeIgniter->run()
WARNING - 2023-09-17 18:15:57 --> [DEPRECATED] substr(): Passing null to parameter #1 ($string) of type string is deprecated in APPPATH\Views\admin\w-registration-link-list.php on line 24.
 1 APPPATH\Views\admin\w-registration-link-list.php(24): substr(null, 0, 100)
 2 SYSTEMPATH\View\View.php(226): include('C:\\xampp\\htdocs\\dostx-registration\\handa\\app\\Views\\admin\\w-registration-link-list.php')
 3 SYSTEMPATH\View\View.php(229): CodeIgniter\View\View->CodeIgniter\View\{closure}()
 4 SYSTEMPATH\Common.php(1188): CodeIgniter\View\View->render('admin/w-registration-link-list', [], true)
 5 APPPATH\Controllers\Admin.php(26): view('admin/w-registration-link-list', [...])
 6 SYSTEMPATH\CodeIgniter.php(919): App\Controllers\Admin->registrationWalkInList()
 7 SYSTEMPATH\CodeIgniter.php(494): CodeIgniter\CodeIgniter->runController(Object(App\Controllers\Admin))
 8 SYSTEMPATH\CodeIgniter.php(353): CodeIgniter\CodeIgniter->handleRequest(null, Object(Config\Cache), false)
 9 FCPATH\index.php(82): CodeIgniter\CodeIgniter->run()
WARNING - 2023-09-17 18:15:57 --> [DEPRECATED] substr(): Passing null to parameter #1 ($string) of type string is deprecated in APPPATH\Views\admin\w-registration-link-list.php on line 24.
 1 APPPATH\Views\admin\w-registration-link-list.php(24): substr(null, 0, 100)
 2 SYSTEMPATH\View\View.php(226): include('C:\\xampp\\htdocs\\dostx-registration\\handa\\app\\Views\\admin\\w-registration-link-list.php')
 3 SYSTEMPATH\View\View.php(229): CodeIgniter\View\View->CodeIgniter\View\{closure}()
 4 SYSTEMPATH\Common.php(1188): CodeIgniter\View\View->render('admin/w-registration-link-list', [], true)
 5 APPPATH\Controllers\Admin.php(26): view('admin/w-registration-link-list', [...])
 6 SYSTEMPATH\CodeIgniter.php(919): App\Controllers\Admin->registrationWalkInList()
 7 SYSTEMPATH\CodeIgniter.php(494): CodeIgniter\CodeIgniter->runController(Object(App\Controllers\Admin))
 8 SYSTEMPATH\CodeIgniter.php(353): CodeIgniter\CodeIgniter->handleRequest(null, Object(Config\Cache), false)
 9 FCPATH\index.php(82): CodeIgniter\CodeIgniter->run()
WARNING - 2023-09-17 18:15:57 --> [DEPRECATED] substr(): Passing null to parameter #1 ($string) of type string is deprecated in APPPATH\Views\admin\w-registration-link-list.php on line 24.
 1 APPPATH\Views\admin\w-registration-link-list.php(24): substr(null, 0, 100)
 2 SYSTEMPATH\View\View.php(226): include('C:\\xampp\\htdocs\\dostx-registration\\handa\\app\\Views\\admin\\w-registration-link-list.php')
 3 SYSTEMPATH\View\View.php(229): CodeIgniter\View\View->CodeIgniter\View\{closure}()
 4 SYSTEMPATH\Common.php(1188): CodeIgniter\View\View->render('admin/w-registration-link-list', [], true)
 5 APPPATH\Controllers\Admin.php(26): view('admin/w-registration-link-list', [...])
 6 SYSTEMPATH\CodeIgniter.php(919): App\Controllers\Admin->registrationWalkInList()
 7 SYSTEMPATH\CodeIgniter.php(494): CodeIgniter\CodeIgniter->runController(Object(App\Controllers\Admin))
 8 SYSTEMPATH\CodeIgniter.php(353): CodeIgniter\CodeIgniter->handleRequest(null, Object(Config\Cache), false)
 9 FCPATH\index.php(82): CodeIgniter\CodeIgniter->run()
WARNING - 2023-09-17 18:15:57 --> [DEPRECATED] substr(): Passing null to parameter #1 ($string) of type string is deprecated in APPPATH\Views\admin\w-registration-link-list.php on line 24.
 1 APPPATH\Views\admin\w-registration-link-list.php(24): substr(null, 0, 100)
 2 SYSTEMPATH\View\View.php(226): include('C:\\xampp\\htdocs\\dostx-registration\\handa\\app\\Views\\admin\\w-registration-link-list.php')
 3 SYSTEMPATH\View\View.php(229): CodeIgniter\View\View->CodeIgniter\View\{closure}()
 4 SYSTEMPATH\Common.php(1188): CodeIgniter\View\View->render('admin/w-registration-link-list', [], true)
 5 APPPATH\Controllers\Admin.php(26): view('admin/w-registration-link-list', [...])
 6 SYSTEMPATH\CodeIgniter.php(919): App\Controllers\Admin->registrationWalkInList()
 7 SYSTEMPATH\CodeIgniter.php(494): CodeIgniter\CodeIgniter->runController(Object(App\Controllers\Admin))
 8 SYSTEMPATH\CodeIgniter.php(353): CodeIgniter\CodeIgniter->handleRequest(null, Object(Config\Cache), false)
 9 FCPATH\index.php(82): CodeIgniter\CodeIgniter->run()
WARNING - 2023-09-17 18:15:57 --> [DEPRECATED] substr(): Passing null to parameter #1 ($string) of type string is deprecated in APPPATH\Views\admin\w-registration-link-list.php on line 24.
 1 APPPATH\Views\admin\w-registration-link-list.php(24): substr(null, 0, 100)
 2 SYSTEMPATH\View\View.php(226): include('C:\\xampp\\htdocs\\dostx-registration\\handa\\app\\Views\\admin\\w-registration-link-list.php')
 3 SYSTEMPATH\View\View.php(229): CodeIgniter\View\View->CodeIgniter\View\{closure}()
 4 SYSTEMPATH\Common.php(1188): CodeIgniter\View\View->render('admin/w-registration-link-list', [], true)
 5 APPPATH\Controllers\Admin.php(26): view('admin/w-registration-link-list', [...])
 6 SYSTEMPATH\CodeIgniter.php(919): App\Controllers\Admin->registrationWalkInList()
 7 SYSTEMPATH\CodeIgniter.php(494): CodeIgniter\CodeIgniter->runController(Object(App\Controllers\Admin))
 8 SYSTEMPATH\CodeIgniter.php(353): CodeIgniter\CodeIgniter->handleRequest(null, Object(Config\Cache), false)
 9 FCPATH\index.php(82): CodeIgniter\CodeIgniter->run()
WARNING - 2023-09-17 18:15:57 --> [DEPRECATED] substr(): Passing null to parameter #1 ($string) of type string is deprecated in APPPATH\Views\admin\w-registration-link-list.php on line 24.
 1 APPPATH\Views\admin\w-registration-link-list.php(24): substr(null, 0, 100)
 2 SYSTEMPATH\View\View.php(226): include('C:\\xampp\\htdocs\\dostx-registration\\handa\\app\\Views\\admin\\w-registration-link-list.php')
 3 SYSTEMPATH\View\View.php(229): CodeIgniter\View\View->CodeIgniter\View\{closure}()
 4 SYSTEMPATH\Common.php(1188): CodeIgniter\View\View->render('admin/w-registration-link-list', [], true)
 5 APPPATH\Controllers\Admin.php(26): view('admin/w-registration-link-list', [...])
 6 SYSTEMPATH\CodeIgniter.php(919): App\Controllers\Admin->registrationWalkInList()
 7 SYSTEMPATH\CodeIgniter.php(494): CodeIgniter\CodeIgniter->runController(Object(App\Controllers\Admin))
 8 SYSTEMPATH\CodeIgniter.php(353): CodeIgniter\CodeIgniter->handleRequest(null, Object(Config\Cache), false)
 9 FCPATH\index.php(82): CodeIgniter\CodeIgniter->run()
WARNING - 2023-09-17 18:15:57 --> [DEPRECATED] substr(): Passing null to parameter #1 ($string) of type string is deprecated in APPPATH\Views\admin\w-registration-link-list.php on line 24.
 1 APPPATH\Views\admin\w-registration-link-list.php(24): substr(null, 0, 100)
 2 SYSTEMPATH\View\View.php(226): include('C:\\xampp\\htdocs\\dostx-registration\\handa\\app\\Views\\admin\\w-registration-link-list.php')
 3 SYSTEMPATH\View\View.php(229): CodeIgniter\View\View->CodeIgniter\View\{closure}()
 4 SYSTEMPATH\Common.php(1188): CodeIgniter\View\View->render('admin/w-registration-link-list', [], true)
 5 APPPATH\Controllers\Admin.php(26): view('admin/w-registration-link-list', [...])
 6 SYSTEMPATH\CodeIgniter.php(919): App\Controllers\Admin->registrationWalkInList()
 7 SYSTEMPATH\CodeIgniter.php(494): CodeIgniter\CodeIgniter->runController(Object(App\Controllers\Admin))
 8 SYSTEMPATH\CodeIgniter.php(353): CodeIgniter\CodeIgniter->handleRequest(null, Object(Config\Cache), false)
 9 FCPATH\index.php(82): CodeIgniter\CodeIgniter->run()
WARNING - 2023-09-17 18:15:57 --> [DEPRECATED] substr(): Passing null to parameter #1 ($string) of type string is deprecated in APPPATH\Views\admin\w-registration-link-list.php on line 24.
 1 APPPATH\Views\admin\w-registration-link-list.php(24): substr(null, 0, 100)
 2 SYSTEMPATH\View\View.php(226): include('C:\\xampp\\htdocs\\dostx-registration\\handa\\app\\Views\\admin\\w-registration-link-list.php')
 3 SYSTEMPATH\View\View.php(229): CodeIgniter\View\View->CodeIgniter\View\{closure}()
 4 SYSTEMPATH\Common.php(1188): CodeIgniter\View\View->render('admin/w-registration-link-list', [], true)
 5 APPPATH\Controllers\Admin.php(26): view('admin/w-registration-link-list', [...])
 6 SYSTEMPATH\CodeIgniter.php(919): App\Controllers\Admin->registrationWalkInList()
 7 SYSTEMPATH\CodeIgniter.php(494): CodeIgniter\CodeIgniter->runController(Object(App\Controllers\Admin))
 8 SYSTEMPATH\CodeIgniter.php(353): CodeIgniter\CodeIgniter->handleRequest(null, Object(Config\Cache), false)
 9 FCPATH\index.php(82): CodeIgniter\CodeIgniter->run()
WARNING - 2023-09-17 18:15:57 --> [DEPRECATED] substr(): Passing null to parameter #1 ($string) of type string is deprecated in APPPATH\Views\admin\w-registration-link-list.php on line 24.
 1 APPPATH\Views\admin\w-registration-link-list.php(24): substr(null, 0, 100)
 2 SYSTEMPATH\View\View.php(226): include('C:\\xampp\\htdocs\\dostx-registration\\handa\\app\\Views\\admin\\w-registration-link-list.php')
 3 SYSTEMPATH\View\View.php(229): CodeIgniter\View\View->CodeIgniter\View\{closure}()
 4 SYSTEMPATH\Common.php(1188): CodeIgniter\View\View->render('admin/w-registration-link-list', [], true)
 5 APPPATH\Controllers\Admin.php(26): view('admin/w-registration-link-list', [...])
 6 SYSTEMPATH\CodeIgniter.php(919): App\Controllers\Admin->registrationWalkInList()
 7 SYSTEMPATH\CodeIgniter.php(494): CodeIgniter\CodeIgniter->runController(Object(App\Controllers\Admin))
 8 SYSTEMPATH\CodeIgniter.php(353): CodeIgniter\CodeIgniter->handleRequest(null, Object(Config\Cache), false)
 9 FCPATH\index.php(82): CodeIgniter\CodeIgniter->run()
WARNING - 2023-09-17 18:15:57 --> [DEPRECATED] substr(): Passing null to parameter #1 ($string) of type string is deprecated in APPPATH\Views\admin\w-registration-link-list.php on line 24.
 1 APPPATH\Views\admin\w-registration-link-list.php(24): substr(null, 0, 100)
 2 SYSTEMPATH\View\View.php(226): include('C:\\xampp\\htdocs\\dostx-registration\\handa\\app\\Views\\admin\\w-registration-link-list.php')
 3 SYSTEMPATH\View\View.php(229): CodeIgniter\View\View->CodeIgniter\View\{closure}()
 4 SYSTEMPATH\Common.php(1188): CodeIgniter\View\View->render('admin/w-registration-link-list', [], true)
 5 APPPATH\Controllers\Admin.php(26): view('admin/w-registration-link-list', [...])
 6 SYSTEMPATH\CodeIgniter.php(919): App\Controllers\Admin->registrationWalkInList()
 7 SYSTEMPATH\CodeIgniter.php(494): CodeIgniter\CodeIgniter->runController(Object(App\Controllers\Admin))
 8 SYSTEMPATH\CodeIgniter.php(353): CodeIgniter\CodeIgniter->handleRequest(null, Object(Config\Cache), false)
 9 FCPATH\index.php(82): CodeIgniter\CodeIgniter->run()
WARNING - 2023-09-17 18:15:57 --> [DEPRECATED] substr(): Passing null to parameter #1 ($string) of type string is deprecated in APPPATH\Views\admin\w-registration-link-list.php on line 24.
 1 APPPATH\Views\admin\w-registration-link-list.php(24): substr(null, 0, 100)
 2 SYSTEMPATH\View\View.php(226): include('C:\\xampp\\htdocs\\dostx-registration\\handa\\app\\Views\\admin\\w-registration-link-list.php')
 3 SYSTEMPATH\View\View.php(229): CodeIgniter\View\View->CodeIgniter\View\{closure}()
 4 SYSTEMPATH\Common.php(1188): CodeIgniter\View\View->render('admin/w-registration-link-list', [], true)
 5 APPPATH\Controllers\Admin.php(26): view('admin/w-registration-link-list', [...])
 6 SYSTEMPATH\CodeIgniter.php(919): App\Controllers\Admin->registrationWalkInList()
 7 SYSTEMPATH\CodeIgniter.php(494): CodeIgniter\CodeIgniter->runController(Object(App\Controllers\Admin))
 8 SYSTEMPATH\CodeIgniter.php(353): CodeIgniter\CodeIgniter->handleRequest(null, Object(Config\Cache), false)
 9 FCPATH\index.php(82): CodeIgniter\CodeIgniter->run()
WARNING - 2023-09-17 18:15:57 --> [DEPRECATED] substr(): Passing null to parameter #1 ($string) of type string is deprecated in APPPATH\Views\admin\w-registration-link-list.php on line 24.
 1 APPPATH\Views\admin\w-registration-link-list.php(24): substr(null, 0, 100)
 2 SYSTEMPATH\View\View.php(226): include('C:\\xampp\\htdocs\\dostx-registration\\handa\\app\\Views\\admin\\w-registration-link-list.php')
 3 SYSTEMPATH\View\View.php(229): CodeIgniter\View\View->CodeIgniter\View\{closure}()
 4 SYSTEMPATH\Common.php(1188): CodeIgniter\View\View->render('admin/w-registration-link-list', [], true)
 5 APPPATH\Controllers\Admin.php(26): view('admin/w-registration-link-list', [...])
 6 SYSTEMPATH\CodeIgniter.php(919): App\Controllers\Admin->registrationWalkInList()
 7 SYSTEMPATH\CodeIgniter.php(494): CodeIgniter\CodeIgniter->runController(Object(App\Controllers\Admin))
 8 SYSTEMPATH\CodeIgniter.php(353): CodeIgniter\CodeIgniter->handleRequest(null, Object(Config\Cache), false)
 9 FCPATH\index.php(82): CodeIgniter\CodeIgniter->run()
INFO - 2023-09-17 18:15:58 --> Session: Class initialized using 'CodeIgniter\Session\Handlers\FileHandler' driver.
WARNING - 2023-09-17 18:15:58 --> [DEPRECATED] substr(): Passing null to parameter #1 ($string) of type string is deprecated in APPPATH\Views\admin\registration-link-list.php on line 27.
 1 APPPATH\Views\admin\registration-link-list.php(27): substr(null, 0, 100)
 2 SYSTEMPATH\View\View.php(226): include('C:\\xampp\\htdocs\\dostx-registration\\handa\\app\\Views\\admin\\registration-link-list.php')
 3 SYSTEMPATH\View\View.php(229): CodeIgniter\View\View->CodeIgniter\View\{closure}()
 4 SYSTEMPATH\Common.php(1188): CodeIgniter\View\View->render('admin/registration-link-list', [], true)
 5 APPPATH\Controllers\Admin.php(20): view('admin/registration-link-list', [...])
 6 SYSTEMPATH\CodeIgniter.php(919): App\Controllers\Admin->registrationList()
 7 SYSTEMPATH\CodeIgniter.php(494): CodeIgniter\CodeIgniter->runController(Object(App\Controllers\Admin))
 8 SYSTEMPATH\CodeIgniter.php(353): CodeIgniter\CodeIgniter->handleRequest(null, Object(Config\Cache), false)
 9 FCPATH\index.php(82): CodeIgniter\CodeIgniter->run()
WARNING - 2023-09-17 18:15:58 --> [DEPRECATED] substr(): Passing null to parameter #1 ($string) of type string is deprecated in APPPATH\Views\admin\registration-link-list.php on line 27.
 1 APPPATH\Views\admin\registration-link-list.php(27): substr(null, 0, 100)
 2 SYSTEMPATH\View\View.php(226): include('C:\\xampp\\htdocs\\dostx-registration\\handa\\app\\Views\\admin\\registration-link-list.php')
 3 SYSTEMPATH\View\View.php(229): CodeIgniter\View\View->CodeIgniter\View\{closure}()
 4 SYSTEMPATH\Common.php(1188): CodeIgniter\View\View->render('admin/registration-link-list', [], true)
 5 APPPATH\Controllers\Admin.php(20): view('admin/registration-link-list', [...])
 6 SYSTEMPATH\CodeIgniter.php(919): App\Controllers\Admin->registrationList()
 7 SYSTEMPATH\CodeIgniter.php(494): CodeIgniter\CodeIgniter->runController(Object(App\Controllers\Admin))
 8 SYSTEMPATH\CodeIgniter.php(353): CodeIgniter\CodeIgniter->handleRequest(null, Object(Config\Cache), false)
 9 FCPATH\index.php(82): CodeIgniter\CodeIgniter->run()
WARNING - 2023-09-17 18:15:58 --> [DEPRECATED] substr(): Passing null to parameter #1 ($string) of type string is deprecated in APPPATH\Views\admin\registration-link-list.php on line 27.
 1 APPPATH\Views\admin\registration-link-list.php(27): substr(null, 0, 100)
 2 SYSTEMPATH\View\View.php(226): include('C:\\xampp\\htdocs\\dostx-registration\\handa\\app\\Views\\admin\\registration-link-list.php')
 3 SYSTEMPATH\View\View.php(229): CodeIgniter\View\View->CodeIgniter\View\{closure}()
 4 SYSTEMPATH\Common.php(1188): CodeIgniter\View\View->render('admin/registration-link-list', [], true)
 5 APPPATH\Controllers\Admin.php(20): view('admin/registration-link-list', [...])
 6 SYSTEMPATH\CodeIgniter.php(919): App\Controllers\Admin->registrationList()
 7 SYSTEMPATH\CodeIgniter.php(494): CodeIgniter\CodeIgniter->runController(Object(App\Controllers\Admin))
 8 SYSTEMPATH\CodeIgniter.php(353): CodeIgniter\CodeIgniter->handleRequest(null, Object(Config\Cache), false)
 9 FCPATH\index.php(82): CodeIgniter\CodeIgniter->run()
WARNING - 2023-09-17 18:15:58 --> [DEPRECATED] substr(): Passing null to parameter #1 ($string) of type string is deprecated in APPPATH\Views\admin\registration-link-list.php on line 27.
 1 APPPATH\Views\admin\registration-link-list.php(27): substr(null, 0, 100)
 2 SYSTEMPATH\View\View.php(226): include('C:\\xampp\\htdocs\\dostx-registration\\handa\\app\\Views\\admin\\registration-link-list.php')
 3 SYSTEMPATH\View\View.php(229): CodeIgniter\View\View->CodeIgniter\View\{closure}()
 4 SYSTEMPATH\Common.php(1188): CodeIgniter\View\View->render('admin/registration-link-list', [], true)
 5 APPPATH\Controllers\Admin.php(20): view('admin/registration-link-list', [...])
 6 SYSTEMPATH\CodeIgniter.php(919): App\Controllers\Admin->registrationList()
 7 SYSTEMPATH\CodeIgniter.php(494): CodeIgniter\CodeIgniter->runController(Object(App\Controllers\Admin))
 8 SYSTEMPATH\CodeIgniter.php(353): CodeIgniter\CodeIgniter->handleRequest(null, Object(Config\Cache), false)
 9 FCPATH\index.php(82): CodeIgniter\CodeIgniter->run()
WARNING - 2023-09-17 18:15:58 --> [DEPRECATED] substr(): Passing null to parameter #1 ($string) of type string is deprecated in APPPATH\Views\admin\registration-link-list.php on line 27.
 1 APPPATH\Views\admin\registration-link-list.php(27): substr(null, 0, 100)
 2 SYSTEMPATH\View\View.php(226): include('C:\\xampp\\htdocs\\dostx-registration\\handa\\app\\Views\\admin\\registration-link-list.php')
 3 SYSTEMPATH\View\View.php(229): CodeIgniter\View\View->CodeIgniter\View\{closure}()
 4 SYSTEMPATH\Common.php(1188): CodeIgniter\View\View->render('admin/registration-link-list', [], true)
 5 APPPATH\Controllers\Admin.php(20): view('admin/registration-link-list', [...])
 6 SYSTEMPATH\CodeIgniter.php(919): App\Controllers\Admin->registrationList()
 7 SYSTEMPATH\CodeIgniter.php(494): CodeIgniter\CodeIgniter->runController(Object(App\Controllers\Admin))
 8 SYSTEMPATH\CodeIgniter.php(353): CodeIgniter\CodeIgniter->handleRequest(null, Object(Config\Cache), false)
 9 FCPATH\index.php(82): CodeIgniter\CodeIgniter->run()
WARNING - 2023-09-17 18:15:58 --> [DEPRECATED] substr(): Passing null to parameter #1 ($string) of type string is deprecated in APPPATH\Views\admin\registration-link-list.php on line 27.
 1 APPPATH\Views\admin\registration-link-list.php(27): substr(null, 0, 100)
 2 SYSTEMPATH\View\View.php(226): include('C:\\xampp\\htdocs\\dostx-registration\\handa\\app\\Views\\admin\\registration-link-list.php')
 3 SYSTEMPATH\View\View.php(229): CodeIgniter\View\View->CodeIgniter\View\{closure}()
 4 SYSTEMPATH\Common.php(1188): CodeIgniter\View\View->render('admin/registration-link-list', [], true)
 5 APPPATH\Controllers\Admin.php(20): view('admin/registration-link-list', [...])
 6 SYSTEMPATH\CodeIgniter.php(919): App\Controllers\Admin->registrationList()
 7 SYSTEMPATH\CodeIgniter.php(494): CodeIgniter\CodeIgniter->runController(Object(App\Controllers\Admin))
 8 SYSTEMPATH\CodeIgniter.php(353): CodeIgniter\CodeIgniter->handleRequest(null, Object(Config\Cache), false)
 9 FCPATH\index.php(82): CodeIgniter\CodeIgniter->run()
WARNING - 2023-09-17 18:15:58 --> [DEPRECATED] substr(): Passing null to parameter #1 ($string) of type string is deprecated in APPPATH\Views\admin\registration-link-list.php on line 27.
 1 APPPATH\Views\admin\registration-link-list.php(27): substr(null, 0, 100)
 2 SYSTEMPATH\View\View.php(226): include('C:\\xampp\\htdocs\\dostx-registration\\handa\\app\\Views\\admin\\registration-link-list.php')
 3 SYSTEMPATH\View\View.php(229): CodeIgniter\View\View->CodeIgniter\View\{closure}()
 4 SYSTEMPATH\Common.php(1188): CodeIgniter\View\View->render('admin/registration-link-list', [], true)
 5 APPPATH\Controllers\Admin.php(20): view('admin/registration-link-list', [...])
 6 SYSTEMPATH\CodeIgniter.php(919): App\Controllers\Admin->registrationList()
 7 SYSTEMPATH\CodeIgniter.php(494): CodeIgniter\CodeIgniter->runController(Object(App\Controllers\Admin))
 8 SYSTEMPATH\CodeIgniter.php(353): CodeIgniter\CodeIgniter->handleRequest(null, Object(Config\Cache), false)
 9 FCPATH\index.php(82): CodeIgniter\CodeIgniter->run()
WARNING - 2023-09-17 18:15:58 --> [DEPRECATED] substr(): Passing null to parameter #1 ($string) of type string is deprecated in APPPATH\Views\admin\registration-link-list.php on line 27.
 1 APPPATH\Views\admin\registration-link-list.php(27): substr(null, 0, 100)
 2 SYSTEMPATH\View\View.php(226): include('C:\\xampp\\htdocs\\dostx-registration\\handa\\app\\Views\\admin\\registration-link-list.php')
 3 SYSTEMPATH\View\View.php(229): CodeIgniter\View\View->CodeIgniter\View\{closure}()
 4 SYSTEMPATH\Common.php(1188): CodeIgniter\View\View->render('admin/registration-link-list', [], true)
 5 APPPATH\Controllers\Admin.php(20): view('admin/registration-link-list', [...])
 6 SYSTEMPATH\CodeIgniter.php(919): App\Controllers\Admin->registrationList()
 7 SYSTEMPATH\CodeIgniter.php(494): CodeIgniter\CodeIgniter->runController(Object(App\Controllers\Admin))
 8 SYSTEMPATH\CodeIgniter.php(353): CodeIgniter\CodeIgniter->handleRequest(null, Object(Config\Cache), false)
 9 FCPATH\index.php(82): CodeIgniter\CodeIgniter->run()
WARNING - 2023-09-17 18:15:58 --> [DEPRECATED] substr(): Passing null to parameter #1 ($string) of type string is deprecated in APPPATH\Views\admin\registration-link-list.php on line 27.
 1 APPPATH\Views\admin\registration-link-list.php(27): substr(null, 0, 100)
 2 SYSTEMPATH\View\View.php(226): include('C:\\xampp\\htdocs\\dostx-registration\\handa\\app\\Views\\admin\\registration-link-list.php')
 3 SYSTEMPATH\View\View.php(229): CodeIgniter\View\View->CodeIgniter\View\{closure}()
 4 SYSTEMPATH\Common.php(1188): CodeIgniter\View\View->render('admin/registration-link-list', [], true)
 5 APPPATH\Controllers\Admin.php(20): view('admin/registration-link-list', [...])
 6 SYSTEMPATH\CodeIgniter.php(919): App\Controllers\Admin->registrationList()
 7 SYSTEMPATH\CodeIgniter.php(494): CodeIgniter\CodeIgniter->runController(Object(App\Controllers\Admin))
 8 SYSTEMPATH\CodeIgniter.php(353): CodeIgniter\CodeIgniter->handleRequest(null, Object(Config\Cache), false)
 9 FCPATH\index.php(82): CodeIgniter\CodeIgniter->run()
WARNING - 2023-09-17 18:15:58 --> [DEPRECATED] substr(): Passing null to parameter #1 ($string) of type string is deprecated in APPPATH\Views\admin\registration-link-list.php on line 27.
 1 APPPATH\Views\admin\registration-link-list.php(27): substr(null, 0, 100)
 2 SYSTEMPATH\View\View.php(226): include('C:\\xampp\\htdocs\\dostx-registration\\handa\\app\\Views\\admin\\registration-link-list.php')
 3 SYSTEMPATH\View\View.php(229): CodeIgniter\View\View->CodeIgniter\View\{closure}()
 4 SYSTEMPATH\Common.php(1188): CodeIgniter\View\View->render('admin/registration-link-list', [], true)
 5 APPPATH\Controllers\Admin.php(20): view('admin/registration-link-list', [...])
 6 SYSTEMPATH\CodeIgniter.php(919): App\Controllers\Admin->registrationList()
 7 SYSTEMPATH\CodeIgniter.php(494): CodeIgniter\CodeIgniter->runController(Object(App\Controllers\Admin))
 8 SYSTEMPATH\CodeIgniter.php(353): CodeIgniter\CodeIgniter->handleRequest(null, Object(Config\Cache), false)
 9 FCPATH\index.php(82): CodeIgniter\CodeIgniter->run()
WARNING - 2023-09-17 18:15:58 --> [DEPRECATED] substr(): Passing null to parameter #1 ($string) of type string is deprecated in APPPATH\Views\admin\registration-link-list.php on line 27.
 1 APPPATH\Views\admin\registration-link-list.php(27): substr(null, 0, 100)
 2 SYSTEMPATH\View\View.php(226): include('C:\\xampp\\htdocs\\dostx-registration\\handa\\app\\Views\\admin\\registration-link-list.php')
 3 SYSTEMPATH\View\View.php(229): CodeIgniter\View\View->CodeIgniter\View\{closure}()
 4 SYSTEMPATH\Common.php(1188): CodeIgniter\View\View->render('admin/registration-link-list', [], true)
 5 APPPATH\Controllers\Admin.php(20): view('admin/registration-link-list', [...])
 6 SYSTEMPATH\CodeIgniter.php(919): App\Controllers\Admin->registrationList()
 7 SYSTEMPATH\CodeIgniter.php(494): CodeIgniter\CodeIgniter->runController(Object(App\Controllers\Admin))
 8 SYSTEMPATH\CodeIgniter.php(353): CodeIgniter\CodeIgniter->handleRequest(null, Object(Config\Cache), false)
 9 FCPATH\index.php(82): CodeIgniter\CodeIgniter->run()
WARNING - 2023-09-17 18:15:58 --> [DEPRECATED] substr(): Passing null to parameter #1 ($string) of type string is deprecated in APPPATH\Views\admin\registration-link-list.php on line 27.
 1 APPPATH\Views\admin\registration-link-list.php(27): substr(null, 0, 100)
 2 SYSTEMPATH\View\View.php(226): include('C:\\xampp\\htdocs\\dostx-registration\\handa\\app\\Views\\admin\\registration-link-list.php')
 3 SYSTEMPATH\View\View.php(229): CodeIgniter\View\View->CodeIgniter\View\{closure}()
 4 SYSTEMPATH\Common.php(1188): CodeIgniter\View\View->render('admin/registration-link-list', [], true)
 5 APPPATH\Controllers\Admin.php(20): view('admin/registration-link-list', [...])
 6 SYSTEMPATH\CodeIgniter.php(919): App\Controllers\Admin->registrationList()
 7 SYSTEMPATH\CodeIgniter.php(494): CodeIgniter\CodeIgniter->runController(Object(App\Controllers\Admin))
 8 SYSTEMPATH\CodeIgniter.php(353): CodeIgniter\CodeIgniter->handleRequest(null, Object(Config\Cache), false)
 9 FCPATH\index.php(82): CodeIgniter\CodeIgniter->run()
WARNING - 2023-09-17 18:15:58 --> [DEPRECATED] substr(): Passing null to parameter #1 ($string) of type string is deprecated in APPPATH\Views\admin\registration-link-list.php on line 27.
 1 APPPATH\Views\admin\registration-link-list.php(27): substr(null, 0, 100)
 2 SYSTEMPATH\View\View.php(226): include('C:\\xampp\\htdocs\\dostx-registration\\handa\\app\\Views\\admin\\registration-link-list.php')
 3 SYSTEMPATH\View\View.php(229): CodeIgniter\View\View->CodeIgniter\View\{closure}()
 4 SYSTEMPATH\Common.php(1188): CodeIgniter\View\View->render('admin/registration-link-list', [], true)
 5 APPPATH\Controllers\Admin.php(20): view('admin/registration-link-list', [...])
 6 SYSTEMPATH\CodeIgniter.php(919): App\Controllers\Admin->registrationList()
 7 SYSTEMPATH\CodeIgniter.php(494): CodeIgniter\CodeIgniter->runController(Object(App\Controllers\Admin))
 8 SYSTEMPATH\CodeIgniter.php(353): CodeIgniter\CodeIgniter->handleRequest(null, Object(Config\Cache), false)
 9 FCPATH\index.php(82): CodeIgniter\CodeIgniter->run()
