INFO - 2023-09-18 02:37:36 --> Session: Class initialized using 'CodeIgniter\Session\Handlers\FileHandler' driver.
INFO - 2023-09-18 02:41:06 --> Session: Class initialized using 'CodeIgniter\Session\Handlers\FileHandler' driver.
CRITICAL - 2023-09-18 03:42:28 --> foreach() argument must be of type array|object, string given
in SYSTEMPATH\HTTP\RequestTrait.php on line 79.
 1 SYSTEMPATH\HTTP\RequestTrait.php(79): CodeIgniter\Debug\Exceptions->errorHandler(2, 'foreach() argument must be of type array|object, string given', 'C:\\xampp\\htdocs\\test\\system\\HTTP\\RequestTrait.php', 79)
 2 SYSTEMPATH\Config\Services.php(685): CodeIgniter\HTTP\Request->getIPAddress()
 3 SYSTEMPATH\Config\BaseService.php(258): CodeIgniter\Config\Services::session(Object(Config\Session), false)
 4 SYSTEMPATH\Config\BaseService.php(199): CodeIgniter\Config\BaseService::__callStatic('session', [...])
 5 SYSTEMPATH\Config\Services.php(663): CodeIgniter\Config\BaseService::getSharedInstance('session', null)
 6 SYSTEMPATH\Config\BaseService.php(258): CodeIgniter\Config\Services::session()
 7 APPPATH\Controllers\BaseController.php(59): CodeIgniter\Config\BaseService::__callStatic('session', [])
 8 SYSTEMPATH\CodeIgniter.php(892): App\Controllers\BaseController->initController(Object(CodeIgniter\HTTP\IncomingRequest), Object(CodeIgniter\HTTP\Response), Object(CodeIgniter\Log\Logger))
 9 SYSTEMPATH\CodeIgniter.php(485): CodeIgniter\CodeIgniter->createController()
10 SYSTEMPATH\CodeIgniter.php(353): CodeIgniter\CodeIgniter->handleRequest(null, Object(Config\Cache), false)
11 FCPATH\index.php(82): CodeIgniter\CodeIgniter->run()
INFO - 2023-09-18 03:44:05 --> Session: Class initialized using 'CodeIgniter\Session\Handlers\FileHandler' driver.
INFO - 2023-09-18 03:44:27 --> Session: Class initialized using 'CodeIgniter\Session\Handlers\FileHandler' driver.
INFO - 2023-09-18 03:44:35 --> Session: Class initialized using 'CodeIgniter\Session\Handlers\FileHandler' driver.
INFO - 2023-09-18 03:46:25 --> Session: Class initialized using 'CodeIgniter\Session\Handlers\FileHandler' driver.
INFO - 2023-09-18 03:46:25 --> Session: Class initialized using 'CodeIgniter\Session\Handlers\FileHandler' driver.
INFO - 2023-09-18 03:46:30 --> Session: Class initialized using 'CodeIgniter\Session\Handlers\FileHandler' driver.
INFO - 2023-09-18 03:46:30 --> Session: Class initialized using 'CodeIgniter\Session\Handlers\FileHandler' driver.
INFO - 2023-09-18 03:46:35 --> Session: Class initialized using 'CodeIgniter\Session\Handlers\FileHandler' driver.
WARNING - 2023-09-18 03:46:35 --> [DEPRECATED] substr(): Passing null to parameter #1 ($string) of type string is deprecated in APPPATH\Views\admin\registration-link-list.php on line 27.
 1 APPPATH\Views\admin\registration-link-list.php(27): substr(null, 0, 100)
 2 SYSTEMPATH\View\View.php(226): include('C:\\xampp\\htdocs\\test\\handa\\app\\Views\\admin\\registration-link-list.php')
 3 SYSTEMPATH\View\View.php(229): CodeIgniter\View\View->CodeIgniter\View\{closure}()
 4 SYSTEMPATH\Common.php(1188): CodeIgniter\View\View->render('admin/registration-link-list', [], true)
 5 APPPATH\Controllers\Admin.php(20): view('admin/registration-link-list', [...])
 6 SYSTEMPATH\CodeIgniter.php(919): App\Controllers\Admin->registrationList()
 7 SYSTEMPATH\CodeIgniter.php(494): CodeIgniter\CodeIgniter->runController(Object(App\Controllers\Admin))
 8 SYSTEMPATH\CodeIgniter.php(353): CodeIgniter\CodeIgniter->handleRequest(null, Object(Config\Cache), false)
 9 FCPATH\index.php(82): CodeIgniter\CodeIgniter->run()
WARNING - 2023-09-18 03:46:35 --> [DEPRECATED] substr(): Passing null to parameter #1 ($string) of type string is deprecated in APPPATH\Views\admin\registration-link-list.php on line 27.
 1 APPPATH\Views\admin\registration-link-list.php(27): substr(null, 0, 100)
 2 SYSTEMPATH\View\View.php(226): include('C:\\xampp\\htdocs\\test\\handa\\app\\Views\\admin\\registration-link-list.php')
 3 SYSTEMPATH\View\View.php(229): CodeIgniter\View\View->CodeIgniter\View\{closure}()
 4 SYSTEMPATH\Common.php(1188): CodeIgniter\View\View->render('admin/registration-link-list', [], true)
 5 APPPATH\Controllers\Admin.php(20): view('admin/registration-link-list', [...])
 6 SYSTEMPATH\CodeIgniter.php(919): App\Controllers\Admin->registrationList()
 7 SYSTEMPATH\CodeIgniter.php(494): CodeIgniter\CodeIgniter->runController(Object(App\Controllers\Admin))
 8 SYSTEMPATH\CodeIgniter.php(353): CodeIgniter\CodeIgniter->handleRequest(null, Object(Config\Cache), false)
 9 FCPATH\index.php(82): CodeIgniter\CodeIgniter->run()
WARNING - 2023-09-18 03:46:35 --> [DEPRECATED] substr(): Passing null to parameter #1 ($string) of type string is deprecated in APPPATH\Views\admin\registration-link-list.php on line 27.
 1 APPPATH\Views\admin\registration-link-list.php(27): substr(null, 0, 100)
 2 SYSTEMPATH\View\View.php(226): include('C:\\xampp\\htdocs\\test\\handa\\app\\Views\\admin\\registration-link-list.php')
 3 SYSTEMPATH\View\View.php(229): CodeIgniter\View\View->CodeIgniter\View\{closure}()
 4 SYSTEMPATH\Common.php(1188): CodeIgniter\View\View->render('admin/registration-link-list', [], true)
 5 APPPATH\Controllers\Admin.php(20): view('admin/registration-link-list', [...])
 6 SYSTEMPATH\CodeIgniter.php(919): App\Controllers\Admin->registrationList()
 7 SYSTEMPATH\CodeIgniter.php(494): CodeIgniter\CodeIgniter->runController(Object(App\Controllers\Admin))
 8 SYSTEMPATH\CodeIgniter.php(353): CodeIgniter\CodeIgniter->handleRequest(null, Object(Config\Cache), false)
 9 FCPATH\index.php(82): CodeIgniter\CodeIgniter->run()
WARNING - 2023-09-18 03:46:35 --> [DEPRECATED] substr(): Passing null to parameter #1 ($string) of type string is deprecated in APPPATH\Views\admin\registration-link-list.php on line 27.
 1 APPPATH\Views\admin\registration-link-list.php(27): substr(null, 0, 100)
 2 SYSTEMPATH\View\View.php(226): include('C:\\xampp\\htdocs\\test\\handa\\app\\Views\\admin\\registration-link-list.php')
 3 SYSTEMPATH\View\View.php(229): CodeIgniter\View\View->CodeIgniter\View\{closure}()
 4 SYSTEMPATH\Common.php(1188): CodeIgniter\View\View->render('admin/registration-link-list', [], true)
 5 APPPATH\Controllers\Admin.php(20): view('admin/registration-link-list', [...])
 6 SYSTEMPATH\CodeIgniter.php(919): App\Controllers\Admin->registrationList()
 7 SYSTEMPATH\CodeIgniter.php(494): CodeIgniter\CodeIgniter->runController(Object(App\Controllers\Admin))
 8 SYSTEMPATH\CodeIgniter.php(353): CodeIgniter\CodeIgniter->handleRequest(null, Object(Config\Cache), false)
 9 FCPATH\index.php(82): CodeIgniter\CodeIgniter->run()
WARNING - 2023-09-18 03:46:35 --> [DEPRECATED] substr(): Passing null to parameter #1 ($string) of type string is deprecated in APPPATH\Views\admin\registration-link-list.php on line 27.
 1 APPPATH\Views\admin\registration-link-list.php(27): substr(null, 0, 100)
 2 SYSTEMPATH\View\View.php(226): include('C:\\xampp\\htdocs\\test\\handa\\app\\Views\\admin\\registration-link-list.php')
 3 SYSTEMPATH\View\View.php(229): CodeIgniter\View\View->CodeIgniter\View\{closure}()
 4 SYSTEMPATH\Common.php(1188): CodeIgniter\View\View->render('admin/registration-link-list', [], true)
 5 APPPATH\Controllers\Admin.php(20): view('admin/registration-link-list', [...])
 6 SYSTEMPATH\CodeIgniter.php(919): App\Controllers\Admin->registrationList()
 7 SYSTEMPATH\CodeIgniter.php(494): CodeIgniter\CodeIgniter->runController(Object(App\Controllers\Admin))
 8 SYSTEMPATH\CodeIgniter.php(353): CodeIgniter\CodeIgniter->handleRequest(null, Object(Config\Cache), false)
 9 FCPATH\index.php(82): CodeIgniter\CodeIgniter->run()
WARNING - 2023-09-18 03:46:35 --> [DEPRECATED] substr(): Passing null to parameter #1 ($string) of type string is deprecated in APPPATH\Views\admin\registration-link-list.php on line 27.
 1 APPPATH\Views\admin\registration-link-list.php(27): substr(null, 0, 100)
 2 SYSTEMPATH\View\View.php(226): include('C:\\xampp\\htdocs\\test\\handa\\app\\Views\\admin\\registration-link-list.php')
 3 SYSTEMPATH\View\View.php(229): CodeIgniter\View\View->CodeIgniter\View\{closure}()
 4 SYSTEMPATH\Common.php(1188): CodeIgniter\View\View->render('admin/registration-link-list', [], true)
 5 APPPATH\Controllers\Admin.php(20): view('admin/registration-link-list', [...])
 6 SYSTEMPATH\CodeIgniter.php(919): App\Controllers\Admin->registrationList()
 7 SYSTEMPATH\CodeIgniter.php(494): CodeIgniter\CodeIgniter->runController(Object(App\Controllers\Admin))
 8 SYSTEMPATH\CodeIgniter.php(353): CodeIgniter\CodeIgniter->handleRequest(null, Object(Config\Cache), false)
 9 FCPATH\index.php(82): CodeIgniter\CodeIgniter->run()
WARNING - 2023-09-18 03:46:35 --> [DEPRECATED] substr(): Passing null to parameter #1 ($string) of type string is deprecated in APPPATH\Views\admin\registration-link-list.php on line 27.
 1 APPPATH\Views\admin\registration-link-list.php(27): substr(null, 0, 100)
 2 SYSTEMPATH\View\View.php(226): include('C:\\xampp\\htdocs\\test\\handa\\app\\Views\\admin\\registration-link-list.php')
 3 SYSTEMPATH\View\View.php(229): CodeIgniter\View\View->CodeIgniter\View\{closure}()
 4 SYSTEMPATH\Common.php(1188): CodeIgniter\View\View->render('admin/registration-link-list', [], true)
 5 APPPATH\Controllers\Admin.php(20): view('admin/registration-link-list', [...])
 6 SYSTEMPATH\CodeIgniter.php(919): App\Controllers\Admin->registrationList()
 7 SYSTEMPATH\CodeIgniter.php(494): CodeIgniter\CodeIgniter->runController(Object(App\Controllers\Admin))
 8 SYSTEMPATH\CodeIgniter.php(353): CodeIgniter\CodeIgniter->handleRequest(null, Object(Config\Cache), false)
 9 FCPATH\index.php(82): CodeIgniter\CodeIgniter->run()
WARNING - 2023-09-18 03:46:35 --> [DEPRECATED] substr(): Passing null to parameter #1 ($string) of type string is deprecated in APPPATH\Views\admin\registration-link-list.php on line 27.
 1 APPPATH\Views\admin\registration-link-list.php(27): substr(null, 0, 100)
 2 SYSTEMPATH\View\View.php(226): include('C:\\xampp\\htdocs\\test\\handa\\app\\Views\\admin\\registration-link-list.php')
 3 SYSTEMPATH\View\View.php(229): CodeIgniter\View\View->CodeIgniter\View\{closure}()
 4 SYSTEMPATH\Common.php(1188): CodeIgniter\View\View->render('admin/registration-link-list', [], true)
 5 APPPATH\Controllers\Admin.php(20): view('admin/registration-link-list', [...])
 6 SYSTEMPATH\CodeIgniter.php(919): App\Controllers\Admin->registrationList()
 7 SYSTEMPATH\CodeIgniter.php(494): CodeIgniter\CodeIgniter->runController(Object(App\Controllers\Admin))
 8 SYSTEMPATH\CodeIgniter.php(353): CodeIgniter\CodeIgniter->handleRequest(null, Object(Config\Cache), false)
 9 FCPATH\index.php(82): CodeIgniter\CodeIgniter->run()
WARNING - 2023-09-18 03:46:35 --> [DEPRECATED] substr(): Passing null to parameter #1 ($string) of type string is deprecated in APPPATH\Views\admin\registration-link-list.php on line 27.
 1 APPPATH\Views\admin\registration-link-list.php(27): substr(null, 0, 100)
 2 SYSTEMPATH\View\View.php(226): include('C:\\xampp\\htdocs\\test\\handa\\app\\Views\\admin\\registration-link-list.php')
 3 SYSTEMPATH\View\View.php(229): CodeIgniter\View\View->CodeIgniter\View\{closure}()
 4 SYSTEMPATH\Common.php(1188): CodeIgniter\View\View->render('admin/registration-link-list', [], true)
 5 APPPATH\Controllers\Admin.php(20): view('admin/registration-link-list', [...])
 6 SYSTEMPATH\CodeIgniter.php(919): App\Controllers\Admin->registrationList()
 7 SYSTEMPATH\CodeIgniter.php(494): CodeIgniter\CodeIgniter->runController(Object(App\Controllers\Admin))
 8 SYSTEMPATH\CodeIgniter.php(353): CodeIgniter\CodeIgniter->handleRequest(null, Object(Config\Cache), false)
 9 FCPATH\index.php(82): CodeIgniter\CodeIgniter->run()
WARNING - 2023-09-18 03:46:35 --> [DEPRECATED] substr(): Passing null to parameter #1 ($string) of type string is deprecated in APPPATH\Views\admin\registration-link-list.php on line 27.
 1 APPPATH\Views\admin\registration-link-list.php(27): substr(null, 0, 100)
 2 SYSTEMPATH\View\View.php(226): include('C:\\xampp\\htdocs\\test\\handa\\app\\Views\\admin\\registration-link-list.php')
 3 SYSTEMPATH\View\View.php(229): CodeIgniter\View\View->CodeIgniter\View\{closure}()
 4 SYSTEMPATH\Common.php(1188): CodeIgniter\View\View->render('admin/registration-link-list', [], true)
 5 APPPATH\Controllers\Admin.php(20): view('admin/registration-link-list', [...])
 6 SYSTEMPATH\CodeIgniter.php(919): App\Controllers\Admin->registrationList()
 7 SYSTEMPATH\CodeIgniter.php(494): CodeIgniter\CodeIgniter->runController(Object(App\Controllers\Admin))
 8 SYSTEMPATH\CodeIgniter.php(353): CodeIgniter\CodeIgniter->handleRequest(null, Object(Config\Cache), false)
 9 FCPATH\index.php(82): CodeIgniter\CodeIgniter->run()
WARNING - 2023-09-18 03:46:35 --> [DEPRECATED] substr(): Passing null to parameter #1 ($string) of type string is deprecated in APPPATH\Views\admin\registration-link-list.php on line 27.
 1 APPPATH\Views\admin\registration-link-list.php(27): substr(null, 0, 100)
 2 SYSTEMPATH\View\View.php(226): include('C:\\xampp\\htdocs\\test\\handa\\app\\Views\\admin\\registration-link-list.php')
 3 SYSTEMPATH\View\View.php(229): CodeIgniter\View\View->CodeIgniter\View\{closure}()
 4 SYSTEMPATH\Common.php(1188): CodeIgniter\View\View->render('admin/registration-link-list', [], true)
 5 APPPATH\Controllers\Admin.php(20): view('admin/registration-link-list', [...])
 6 SYSTEMPATH\CodeIgniter.php(919): App\Controllers\Admin->registrationList()
 7 SYSTEMPATH\CodeIgniter.php(494): CodeIgniter\CodeIgniter->runController(Object(App\Controllers\Admin))
 8 SYSTEMPATH\CodeIgniter.php(353): CodeIgniter\CodeIgniter->handleRequest(null, Object(Config\Cache), false)
 9 FCPATH\index.php(82): CodeIgniter\CodeIgniter->run()
WARNING - 2023-09-18 03:46:35 --> [DEPRECATED] substr(): Passing null to parameter #1 ($string) of type string is deprecated in APPPATH\Views\admin\registration-link-list.php on line 27.
 1 APPPATH\Views\admin\registration-link-list.php(27): substr(null, 0, 100)
 2 SYSTEMPATH\View\View.php(226): include('C:\\xampp\\htdocs\\test\\handa\\app\\Views\\admin\\registration-link-list.php')
 3 SYSTEMPATH\View\View.php(229): CodeIgniter\View\View->CodeIgniter\View\{closure}()
 4 SYSTEMPATH\Common.php(1188): CodeIgniter\View\View->render('admin/registration-link-list', [], true)
 5 APPPATH\Controllers\Admin.php(20): view('admin/registration-link-list', [...])
 6 SYSTEMPATH\CodeIgniter.php(919): App\Controllers\Admin->registrationList()
 7 SYSTEMPATH\CodeIgniter.php(494): CodeIgniter\CodeIgniter->runController(Object(App\Controllers\Admin))
 8 SYSTEMPATH\CodeIgniter.php(353): CodeIgniter\CodeIgniter->handleRequest(null, Object(Config\Cache), false)
 9 FCPATH\index.php(82): CodeIgniter\CodeIgniter->run()
WARNING - 2023-09-18 03:46:35 --> [DEPRECATED] substr(): Passing null to parameter #1 ($string) of type string is deprecated in APPPATH\Views\admin\registration-link-list.php on line 27.
 1 APPPATH\Views\admin\registration-link-list.php(27): substr(null, 0, 100)
 2 SYSTEMPATH\View\View.php(226): include('C:\\xampp\\htdocs\\test\\handa\\app\\Views\\admin\\registration-link-list.php')
 3 SYSTEMPATH\View\View.php(229): CodeIgniter\View\View->CodeIgniter\View\{closure}()
 4 SYSTEMPATH\Common.php(1188): CodeIgniter\View\View->render('admin/registration-link-list', [], true)
 5 APPPATH\Controllers\Admin.php(20): view('admin/registration-link-list', [...])
 6 SYSTEMPATH\CodeIgniter.php(919): App\Controllers\Admin->registrationList()
 7 SYSTEMPATH\CodeIgniter.php(494): CodeIgniter\CodeIgniter->runController(Object(App\Controllers\Admin))
 8 SYSTEMPATH\CodeIgniter.php(353): CodeIgniter\CodeIgniter->handleRequest(null, Object(Config\Cache), false)
 9 FCPATH\index.php(82): CodeIgniter\CodeIgniter->run()
INFO - 2023-09-18 03:46:36 --> Session: Class initialized using 'CodeIgniter\Session\Handlers\FileHandler' driver.
WARNING - 2023-09-18 03:46:36 --> [DEPRECATED] substr(): Passing null to parameter #1 ($string) of type string is deprecated in APPPATH\Views\admin\w-registration-link-list.php on line 24.
 1 APPPATH\Views\admin\w-registration-link-list.php(24): substr(null, 0, 100)
 2 SYSTEMPATH\View\View.php(226): include('C:\\xampp\\htdocs\\test\\handa\\app\\Views\\admin\\w-registration-link-list.php')
 3 SYSTEMPATH\View\View.php(229): CodeIgniter\View\View->CodeIgniter\View\{closure}()
 4 SYSTEMPATH\Common.php(1188): CodeIgniter\View\View->render('admin/w-registration-link-list', [], true)
 5 APPPATH\Controllers\Admin.php(26): view('admin/w-registration-link-list', [...])
 6 SYSTEMPATH\CodeIgniter.php(919): App\Controllers\Admin->registrationWalkInList()
 7 SYSTEMPATH\CodeIgniter.php(494): CodeIgniter\CodeIgniter->runController(Object(App\Controllers\Admin))
 8 SYSTEMPATH\CodeIgniter.php(353): CodeIgniter\CodeIgniter->handleRequest(null, Object(Config\Cache), false)
 9 FCPATH\index.php(82): CodeIgniter\CodeIgniter->run()
WARNING - 2023-09-18 03:46:36 --> [DEPRECATED] substr(): Passing null to parameter #1 ($string) of type string is deprecated in APPPATH\Views\admin\w-registration-link-list.php on line 24.
 1 APPPATH\Views\admin\w-registration-link-list.php(24): substr(null, 0, 100)
 2 SYSTEMPATH\View\View.php(226): include('C:\\xampp\\htdocs\\test\\handa\\app\\Views\\admin\\w-registration-link-list.php')
 3 SYSTEMPATH\View\View.php(229): CodeIgniter\View\View->CodeIgniter\View\{closure}()
 4 SYSTEMPATH\Common.php(1188): CodeIgniter\View\View->render('admin/w-registration-link-list', [], true)
 5 APPPATH\Controllers\Admin.php(26): view('admin/w-registration-link-list', [...])
 6 SYSTEMPATH\CodeIgniter.php(919): App\Controllers\Admin->registrationWalkInList()
 7 SYSTEMPATH\CodeIgniter.php(494): CodeIgniter\CodeIgniter->runController(Object(App\Controllers\Admin))
 8 SYSTEMPATH\CodeIgniter.php(353): CodeIgniter\CodeIgniter->handleRequest(null, Object(Config\Cache), false)
 9 FCPATH\index.php(82): CodeIgniter\CodeIgniter->run()
WARNING - 2023-09-18 03:46:36 --> [DEPRECATED] substr(): Passing null to parameter #1 ($string) of type string is deprecated in APPPATH\Views\admin\w-registration-link-list.php on line 24.
 1 APPPATH\Views\admin\w-registration-link-list.php(24): substr(null, 0, 100)
 2 SYSTEMPATH\View\View.php(226): include('C:\\xampp\\htdocs\\test\\handa\\app\\Views\\admin\\w-registration-link-list.php')
 3 SYSTEMPATH\View\View.php(229): CodeIgniter\View\View->CodeIgniter\View\{closure}()
 4 SYSTEMPATH\Common.php(1188): CodeIgniter\View\View->render('admin/w-registration-link-list', [], true)
 5 APPPATH\Controllers\Admin.php(26): view('admin/w-registration-link-list', [...])
 6 SYSTEMPATH\CodeIgniter.php(919): App\Controllers\Admin->registrationWalkInList()
 7 SYSTEMPATH\CodeIgniter.php(494): CodeIgniter\CodeIgniter->runController(Object(App\Controllers\Admin))
 8 SYSTEMPATH\CodeIgniter.php(353): CodeIgniter\CodeIgniter->handleRequest(null, Object(Config\Cache), false)
 9 FCPATH\index.php(82): CodeIgniter\CodeIgniter->run()
WARNING - 2023-09-18 03:46:36 --> [DEPRECATED] substr(): Passing null to parameter #1 ($string) of type string is deprecated in APPPATH\Views\admin\w-registration-link-list.php on line 24.
 1 APPPATH\Views\admin\w-registration-link-list.php(24): substr(null, 0, 100)
 2 SYSTEMPATH\View\View.php(226): include('C:\\xampp\\htdocs\\test\\handa\\app\\Views\\admin\\w-registration-link-list.php')
 3 SYSTEMPATH\View\View.php(229): CodeIgniter\View\View->CodeIgniter\View\{closure}()
 4 SYSTEMPATH\Common.php(1188): CodeIgniter\View\View->render('admin/w-registration-link-list', [], true)
 5 APPPATH\Controllers\Admin.php(26): view('admin/w-registration-link-list', [...])
 6 SYSTEMPATH\CodeIgniter.php(919): App\Controllers\Admin->registrationWalkInList()
 7 SYSTEMPATH\CodeIgniter.php(494): CodeIgniter\CodeIgniter->runController(Object(App\Controllers\Admin))
 8 SYSTEMPATH\CodeIgniter.php(353): CodeIgniter\CodeIgniter->handleRequest(null, Object(Config\Cache), false)
 9 FCPATH\index.php(82): CodeIgniter\CodeIgniter->run()
WARNING - 2023-09-18 03:46:36 --> [DEPRECATED] substr(): Passing null to parameter #1 ($string) of type string is deprecated in APPPATH\Views\admin\w-registration-link-list.php on line 24.
 1 APPPATH\Views\admin\w-registration-link-list.php(24): substr(null, 0, 100)
 2 SYSTEMPATH\View\View.php(226): include('C:\\xampp\\htdocs\\test\\handa\\app\\Views\\admin\\w-registration-link-list.php')
 3 SYSTEMPATH\View\View.php(229): CodeIgniter\View\View->CodeIgniter\View\{closure}()
 4 SYSTEMPATH\Common.php(1188): CodeIgniter\View\View->render('admin/w-registration-link-list', [], true)
 5 APPPATH\Controllers\Admin.php(26): view('admin/w-registration-link-list', [...])
 6 SYSTEMPATH\CodeIgniter.php(919): App\Controllers\Admin->registrationWalkInList()
 7 SYSTEMPATH\CodeIgniter.php(494): CodeIgniter\CodeIgniter->runController(Object(App\Controllers\Admin))
 8 SYSTEMPATH\CodeIgniter.php(353): CodeIgniter\CodeIgniter->handleRequest(null, Object(Config\Cache), false)
 9 FCPATH\index.php(82): CodeIgniter\CodeIgniter->run()
WARNING - 2023-09-18 03:46:36 --> [DEPRECATED] substr(): Passing null to parameter #1 ($string) of type string is deprecated in APPPATH\Views\admin\w-registration-link-list.php on line 24.
 1 APPPATH\Views\admin\w-registration-link-list.php(24): substr(null, 0, 100)
 2 SYSTEMPATH\View\View.php(226): include('C:\\xampp\\htdocs\\test\\handa\\app\\Views\\admin\\w-registration-link-list.php')
 3 SYSTEMPATH\View\View.php(229): CodeIgniter\View\View->CodeIgniter\View\{closure}()
 4 SYSTEMPATH\Common.php(1188): CodeIgniter\View\View->render('admin/w-registration-link-list', [], true)
 5 APPPATH\Controllers\Admin.php(26): view('admin/w-registration-link-list', [...])
 6 SYSTEMPATH\CodeIgniter.php(919): App\Controllers\Admin->registrationWalkInList()
 7 SYSTEMPATH\CodeIgniter.php(494): CodeIgniter\CodeIgniter->runController(Object(App\Controllers\Admin))
 8 SYSTEMPATH\CodeIgniter.php(353): CodeIgniter\CodeIgniter->handleRequest(null, Object(Config\Cache), false)
 9 FCPATH\index.php(82): CodeIgniter\CodeIgniter->run()
WARNING - 2023-09-18 03:46:36 --> [DEPRECATED] substr(): Passing null to parameter #1 ($string) of type string is deprecated in APPPATH\Views\admin\w-registration-link-list.php on line 24.
 1 APPPATH\Views\admin\w-registration-link-list.php(24): substr(null, 0, 100)
 2 SYSTEMPATH\View\View.php(226): include('C:\\xampp\\htdocs\\test\\handa\\app\\Views\\admin\\w-registration-link-list.php')
 3 SYSTEMPATH\View\View.php(229): CodeIgniter\View\View->CodeIgniter\View\{closure}()
 4 SYSTEMPATH\Common.php(1188): CodeIgniter\View\View->render('admin/w-registration-link-list', [], true)
 5 APPPATH\Controllers\Admin.php(26): view('admin/w-registration-link-list', [...])
 6 SYSTEMPATH\CodeIgniter.php(919): App\Controllers\Admin->registrationWalkInList()
 7 SYSTEMPATH\CodeIgniter.php(494): CodeIgniter\CodeIgniter->runController(Object(App\Controllers\Admin))
 8 SYSTEMPATH\CodeIgniter.php(353): CodeIgniter\CodeIgniter->handleRequest(null, Object(Config\Cache), false)
 9 FCPATH\index.php(82): CodeIgniter\CodeIgniter->run()
WARNING - 2023-09-18 03:46:36 --> [DEPRECATED] substr(): Passing null to parameter #1 ($string) of type string is deprecated in APPPATH\Views\admin\w-registration-link-list.php on line 24.
 1 APPPATH\Views\admin\w-registration-link-list.php(24): substr(null, 0, 100)
 2 SYSTEMPATH\View\View.php(226): include('C:\\xampp\\htdocs\\test\\handa\\app\\Views\\admin\\w-registration-link-list.php')
 3 SYSTEMPATH\View\View.php(229): CodeIgniter\View\View->CodeIgniter\View\{closure}()
 4 SYSTEMPATH\Common.php(1188): CodeIgniter\View\View->render('admin/w-registration-link-list', [], true)
 5 APPPATH\Controllers\Admin.php(26): view('admin/w-registration-link-list', [...])
 6 SYSTEMPATH\CodeIgniter.php(919): App\Controllers\Admin->registrationWalkInList()
 7 SYSTEMPATH\CodeIgniter.php(494): CodeIgniter\CodeIgniter->runController(Object(App\Controllers\Admin))
 8 SYSTEMPATH\CodeIgniter.php(353): CodeIgniter\CodeIgniter->handleRequest(null, Object(Config\Cache), false)
 9 FCPATH\index.php(82): CodeIgniter\CodeIgniter->run()
WARNING - 2023-09-18 03:46:36 --> [DEPRECATED] substr(): Passing null to parameter #1 ($string) of type string is deprecated in APPPATH\Views\admin\w-registration-link-list.php on line 24.
 1 APPPATH\Views\admin\w-registration-link-list.php(24): substr(null, 0, 100)
 2 SYSTEMPATH\View\View.php(226): include('C:\\xampp\\htdocs\\test\\handa\\app\\Views\\admin\\w-registration-link-list.php')
 3 SYSTEMPATH\View\View.php(229): CodeIgniter\View\View->CodeIgniter\View\{closure}()
 4 SYSTEMPATH\Common.php(1188): CodeIgniter\View\View->render('admin/w-registration-link-list', [], true)
 5 APPPATH\Controllers\Admin.php(26): view('admin/w-registration-link-list', [...])
 6 SYSTEMPATH\CodeIgniter.php(919): App\Controllers\Admin->registrationWalkInList()
 7 SYSTEMPATH\CodeIgniter.php(494): CodeIgniter\CodeIgniter->runController(Object(App\Controllers\Admin))
 8 SYSTEMPATH\CodeIgniter.php(353): CodeIgniter\CodeIgniter->handleRequest(null, Object(Config\Cache), false)
 9 FCPATH\index.php(82): CodeIgniter\CodeIgniter->run()
WARNING - 2023-09-18 03:46:36 --> [DEPRECATED] substr(): Passing null to parameter #1 ($string) of type string is deprecated in APPPATH\Views\admin\w-registration-link-list.php on line 24.
 1 APPPATH\Views\admin\w-registration-link-list.php(24): substr(null, 0, 100)
 2 SYSTEMPATH\View\View.php(226): include('C:\\xampp\\htdocs\\test\\handa\\app\\Views\\admin\\w-registration-link-list.php')
 3 SYSTEMPATH\View\View.php(229): CodeIgniter\View\View->CodeIgniter\View\{closure}()
 4 SYSTEMPATH\Common.php(1188): CodeIgniter\View\View->render('admin/w-registration-link-list', [], true)
 5 APPPATH\Controllers\Admin.php(26): view('admin/w-registration-link-list', [...])
 6 SYSTEMPATH\CodeIgniter.php(919): App\Controllers\Admin->registrationWalkInList()
 7 SYSTEMPATH\CodeIgniter.php(494): CodeIgniter\CodeIgniter->runController(Object(App\Controllers\Admin))
 8 SYSTEMPATH\CodeIgniter.php(353): CodeIgniter\CodeIgniter->handleRequest(null, Object(Config\Cache), false)
 9 FCPATH\index.php(82): CodeIgniter\CodeIgniter->run()
WARNING - 2023-09-18 03:46:36 --> [DEPRECATED] substr(): Passing null to parameter #1 ($string) of type string is deprecated in APPPATH\Views\admin\w-registration-link-list.php on line 24.
 1 APPPATH\Views\admin\w-registration-link-list.php(24): substr(null, 0, 100)
 2 SYSTEMPATH\View\View.php(226): include('C:\\xampp\\htdocs\\test\\handa\\app\\Views\\admin\\w-registration-link-list.php')
 3 SYSTEMPATH\View\View.php(229): CodeIgniter\View\View->CodeIgniter\View\{closure}()
 4 SYSTEMPATH\Common.php(1188): CodeIgniter\View\View->render('admin/w-registration-link-list', [], true)
 5 APPPATH\Controllers\Admin.php(26): view('admin/w-registration-link-list', [...])
 6 SYSTEMPATH\CodeIgniter.php(919): App\Controllers\Admin->registrationWalkInList()
 7 SYSTEMPATH\CodeIgniter.php(494): CodeIgniter\CodeIgniter->runController(Object(App\Controllers\Admin))
 8 SYSTEMPATH\CodeIgniter.php(353): CodeIgniter\CodeIgniter->handleRequest(null, Object(Config\Cache), false)
 9 FCPATH\index.php(82): CodeIgniter\CodeIgniter->run()
WARNING - 2023-09-18 03:46:36 --> [DEPRECATED] substr(): Passing null to parameter #1 ($string) of type string is deprecated in APPPATH\Views\admin\w-registration-link-list.php on line 24.
 1 APPPATH\Views\admin\w-registration-link-list.php(24): substr(null, 0, 100)
 2 SYSTEMPATH\View\View.php(226): include('C:\\xampp\\htdocs\\test\\handa\\app\\Views\\admin\\w-registration-link-list.php')
 3 SYSTEMPATH\View\View.php(229): CodeIgniter\View\View->CodeIgniter\View\{closure}()
 4 SYSTEMPATH\Common.php(1188): CodeIgniter\View\View->render('admin/w-registration-link-list', [], true)
 5 APPPATH\Controllers\Admin.php(26): view('admin/w-registration-link-list', [...])
 6 SYSTEMPATH\CodeIgniter.php(919): App\Controllers\Admin->registrationWalkInList()
 7 SYSTEMPATH\CodeIgniter.php(494): CodeIgniter\CodeIgniter->runController(Object(App\Controllers\Admin))
 8 SYSTEMPATH\CodeIgniter.php(353): CodeIgniter\CodeIgniter->handleRequest(null, Object(Config\Cache), false)
 9 FCPATH\index.php(82): CodeIgniter\CodeIgniter->run()
WARNING - 2023-09-18 03:46:36 --> [DEPRECATED] substr(): Passing null to parameter #1 ($string) of type string is deprecated in APPPATH\Views\admin\w-registration-link-list.php on line 24.
 1 APPPATH\Views\admin\w-registration-link-list.php(24): substr(null, 0, 100)
 2 SYSTEMPATH\View\View.php(226): include('C:\\xampp\\htdocs\\test\\handa\\app\\Views\\admin\\w-registration-link-list.php')
 3 SYSTEMPATH\View\View.php(229): CodeIgniter\View\View->CodeIgniter\View\{closure}()
 4 SYSTEMPATH\Common.php(1188): CodeIgniter\View\View->render('admin/w-registration-link-list', [], true)
 5 APPPATH\Controllers\Admin.php(26): view('admin/w-registration-link-list', [...])
 6 SYSTEMPATH\CodeIgniter.php(919): App\Controllers\Admin->registrationWalkInList()
 7 SYSTEMPATH\CodeIgniter.php(494): CodeIgniter\CodeIgniter->runController(Object(App\Controllers\Admin))
 8 SYSTEMPATH\CodeIgniter.php(353): CodeIgniter\CodeIgniter->handleRequest(null, Object(Config\Cache), false)
 9 FCPATH\index.php(82): CodeIgniter\CodeIgniter->run()
INFO - 2023-09-18 03:46:39 --> Session: Class initialized using 'CodeIgniter\Session\Handlers\FileHandler' driver.
WARNING - 2023-09-18 03:46:39 --> [DEPRECATED] substr(): Passing null to parameter #1 ($string) of type string is deprecated in APPPATH\Views\admin\evaluation-link-list.php on line 27.
 1 APPPATH\Views\admin\evaluation-link-list.php(27): substr(null, 0, 100)
 2 SYSTEMPATH\View\View.php(226): include('C:\\xampp\\htdocs\\test\\handa\\app\\Views\\admin\\evaluation-link-list.php')
 3 SYSTEMPATH\View\View.php(229): CodeIgniter\View\View->CodeIgniter\View\{closure}()
 4 SYSTEMPATH\Common.php(1188): CodeIgniter\View\View->render('admin/evaluation-link-list', [], true)
 5 APPPATH\Controllers\Admin.php(33): view('admin/evaluation-link-list', [...])
 6 SYSTEMPATH\CodeIgniter.php(919): App\Controllers\Admin->evaluationList()
 7 SYSTEMPATH\CodeIgniter.php(494): CodeIgniter\CodeIgniter->runController(Object(App\Controllers\Admin))
 8 SYSTEMPATH\CodeIgniter.php(353): CodeIgniter\CodeIgniter->handleRequest(null, Object(Config\Cache), false)
 9 FCPATH\index.php(82): CodeIgniter\CodeIgniter->run()
CRITICAL - 2023-09-18 03:46:39 --> Undefined array key "evallink"
in APPPATH\Views\admin\evaluation-link-list.php on line 29.
 1 APPPATH\Views\admin\evaluation-link-list.php(29): CodeIgniter\Debug\Exceptions->errorHandler(2, 'Undefined array key "evallink"', 'C:\\xampp\\htdocs\\test\\handa\\app\\Views\\admin\\evaluation-link-list.php', 29)
 2 SYSTEMPATH\View\View.php(226): include('C:\\xampp\\htdocs\\test\\handa\\app\\Views\\admin\\evaluation-link-list.php')
 3 SYSTEMPATH\View\View.php(229): CodeIgniter\View\View->CodeIgniter\View\{closure}()
 4 SYSTEMPATH\Common.php(1188): CodeIgniter\View\View->render('admin/evaluation-link-list', [], true)
 5 APPPATH\Controllers\Admin.php(33): view('admin/evaluation-link-list', [...])
 6 SYSTEMPATH\CodeIgniter.php(919): App\Controllers\Admin->evaluationList()
 7 SYSTEMPATH\CodeIgniter.php(494): CodeIgniter\CodeIgniter->runController(Object(App\Controllers\Admin))
 8 SYSTEMPATH\CodeIgniter.php(353): CodeIgniter\CodeIgniter->handleRequest(null, Object(Config\Cache), false)
 9 FCPATH\index.php(82): CodeIgniter\CodeIgniter->run()
INFO - 2023-09-18 03:46:43 --> Session: Class initialized using 'CodeIgniter\Session\Handlers\FileHandler' driver.
WARNING - 2023-09-18 03:46:43 --> [DEPRECATED] substr(): Passing null to parameter #1 ($string) of type string is deprecated in APPPATH\Views\admin\w-registration-link-list.php on line 24.
 1 APPPATH\Views\admin\w-registration-link-list.php(24): substr(null, 0, 100)
 2 SYSTEMPATH\View\View.php(226): include('C:\\xampp\\htdocs\\test\\handa\\app\\Views\\admin\\w-registration-link-list.php')
 3 SYSTEMPATH\View\View.php(229): CodeIgniter\View\View->CodeIgniter\View\{closure}()
 4 SYSTEMPATH\Common.php(1188): CodeIgniter\View\View->render('admin/w-registration-link-list', [], true)
 5 APPPATH\Controllers\Admin.php(26): view('admin/w-registration-link-list', [...])
 6 SYSTEMPATH\CodeIgniter.php(919): App\Controllers\Admin->registrationWalkInList()
 7 SYSTEMPATH\CodeIgniter.php(494): CodeIgniter\CodeIgniter->runController(Object(App\Controllers\Admin))
 8 SYSTEMPATH\CodeIgniter.php(353): CodeIgniter\CodeIgniter->handleRequest(null, Object(Config\Cache), false)
 9 FCPATH\index.php(82): CodeIgniter\CodeIgniter->run()
WARNING - 2023-09-18 03:46:43 --> [DEPRECATED] substr(): Passing null to parameter #1 ($string) of type string is deprecated in APPPATH\Views\admin\w-registration-link-list.php on line 24.
 1 APPPATH\Views\admin\w-registration-link-list.php(24): substr(null, 0, 100)
 2 SYSTEMPATH\View\View.php(226): include('C:\\xampp\\htdocs\\test\\handa\\app\\Views\\admin\\w-registration-link-list.php')
 3 SYSTEMPATH\View\View.php(229): CodeIgniter\View\View->CodeIgniter\View\{closure}()
 4 SYSTEMPATH\Common.php(1188): CodeIgniter\View\View->render('admin/w-registration-link-list', [], true)
 5 APPPATH\Controllers\Admin.php(26): view('admin/w-registration-link-list', [...])
 6 SYSTEMPATH\CodeIgniter.php(919): App\Controllers\Admin->registrationWalkInList()
 7 SYSTEMPATH\CodeIgniter.php(494): CodeIgniter\CodeIgniter->runController(Object(App\Controllers\Admin))
 8 SYSTEMPATH\CodeIgniter.php(353): CodeIgniter\CodeIgniter->handleRequest(null, Object(Config\Cache), false)
 9 FCPATH\index.php(82): CodeIgniter\CodeIgniter->run()
WARNING - 2023-09-18 03:46:43 --> [DEPRECATED] substr(): Passing null to parameter #1 ($string) of type string is deprecated in APPPATH\Views\admin\w-registration-link-list.php on line 24.
 1 APPPATH\Views\admin\w-registration-link-list.php(24): substr(null, 0, 100)
 2 SYSTEMPATH\View\View.php(226): include('C:\\xampp\\htdocs\\test\\handa\\app\\Views\\admin\\w-registration-link-list.php')
 3 SYSTEMPATH\View\View.php(229): CodeIgniter\View\View->CodeIgniter\View\{closure}()
 4 SYSTEMPATH\Common.php(1188): CodeIgniter\View\View->render('admin/w-registration-link-list', [], true)
 5 APPPATH\Controllers\Admin.php(26): view('admin/w-registration-link-list', [...])
 6 SYSTEMPATH\CodeIgniter.php(919): App\Controllers\Admin->registrationWalkInList()
 7 SYSTEMPATH\CodeIgniter.php(494): CodeIgniter\CodeIgniter->runController(Object(App\Controllers\Admin))
 8 SYSTEMPATH\CodeIgniter.php(353): CodeIgniter\CodeIgniter->handleRequest(null, Object(Config\Cache), false)
 9 FCPATH\index.php(82): CodeIgniter\CodeIgniter->run()
WARNING - 2023-09-18 03:46:43 --> [DEPRECATED] substr(): Passing null to parameter #1 ($string) of type string is deprecated in APPPATH\Views\admin\w-registration-link-list.php on line 24.
 1 APPPATH\Views\admin\w-registration-link-list.php(24): substr(null, 0, 100)
 2 SYSTEMPATH\View\View.php(226): include('C:\\xampp\\htdocs\\test\\handa\\app\\Views\\admin\\w-registration-link-list.php')
 3 SYSTEMPATH\View\View.php(229): CodeIgniter\View\View->CodeIgniter\View\{closure}()
 4 SYSTEMPATH\Common.php(1188): CodeIgniter\View\View->render('admin/w-registration-link-list', [], true)
 5 APPPATH\Controllers\Admin.php(26): view('admin/w-registration-link-list', [...])
 6 SYSTEMPATH\CodeIgniter.php(919): App\Controllers\Admin->registrationWalkInList()
 7 SYSTEMPATH\CodeIgniter.php(494): CodeIgniter\CodeIgniter->runController(Object(App\Controllers\Admin))
 8 SYSTEMPATH\CodeIgniter.php(353): CodeIgniter\CodeIgniter->handleRequest(null, Object(Config\Cache), false)
 9 FCPATH\index.php(82): CodeIgniter\CodeIgniter->run()
WARNING - 2023-09-18 03:46:43 --> [DEPRECATED] substr(): Passing null to parameter #1 ($string) of type string is deprecated in APPPATH\Views\admin\w-registration-link-list.php on line 24.
 1 APPPATH\Views\admin\w-registration-link-list.php(24): substr(null, 0, 100)
 2 SYSTEMPATH\View\View.php(226): include('C:\\xampp\\htdocs\\test\\handa\\app\\Views\\admin\\w-registration-link-list.php')
 3 SYSTEMPATH\View\View.php(229): CodeIgniter\View\View->CodeIgniter\View\{closure}()
 4 SYSTEMPATH\Common.php(1188): CodeIgniter\View\View->render('admin/w-registration-link-list', [], true)
 5 APPPATH\Controllers\Admin.php(26): view('admin/w-registration-link-list', [...])
 6 SYSTEMPATH\CodeIgniter.php(919): App\Controllers\Admin->registrationWalkInList()
 7 SYSTEMPATH\CodeIgniter.php(494): CodeIgniter\CodeIgniter->runController(Object(App\Controllers\Admin))
 8 SYSTEMPATH\CodeIgniter.php(353): CodeIgniter\CodeIgniter->handleRequest(null, Object(Config\Cache), false)
 9 FCPATH\index.php(82): CodeIgniter\CodeIgniter->run()
WARNING - 2023-09-18 03:46:43 --> [DEPRECATED] substr(): Passing null to parameter #1 ($string) of type string is deprecated in APPPATH\Views\admin\w-registration-link-list.php on line 24.
 1 APPPATH\Views\admin\w-registration-link-list.php(24): substr(null, 0, 100)
 2 SYSTEMPATH\View\View.php(226): include('C:\\xampp\\htdocs\\test\\handa\\app\\Views\\admin\\w-registration-link-list.php')
 3 SYSTEMPATH\View\View.php(229): CodeIgniter\View\View->CodeIgniter\View\{closure}()
 4 SYSTEMPATH\Common.php(1188): CodeIgniter\View\View->render('admin/w-registration-link-list', [], true)
 5 APPPATH\Controllers\Admin.php(26): view('admin/w-registration-link-list', [...])
 6 SYSTEMPATH\CodeIgniter.php(919): App\Controllers\Admin->registrationWalkInList()
 7 SYSTEMPATH\CodeIgniter.php(494): CodeIgniter\CodeIgniter->runController(Object(App\Controllers\Admin))
 8 SYSTEMPATH\CodeIgniter.php(353): CodeIgniter\CodeIgniter->handleRequest(null, Object(Config\Cache), false)
 9 FCPATH\index.php(82): CodeIgniter\CodeIgniter->run()
WARNING - 2023-09-18 03:46:43 --> [DEPRECATED] substr(): Passing null to parameter #1 ($string) of type string is deprecated in APPPATH\Views\admin\w-registration-link-list.php on line 24.
 1 APPPATH\Views\admin\w-registration-link-list.php(24): substr(null, 0, 100)
 2 SYSTEMPATH\View\View.php(226): include('C:\\xampp\\htdocs\\test\\handa\\app\\Views\\admin\\w-registration-link-list.php')
 3 SYSTEMPATH\View\View.php(229): CodeIgniter\View\View->CodeIgniter\View\{closure}()
 4 SYSTEMPATH\Common.php(1188): CodeIgniter\View\View->render('admin/w-registration-link-list', [], true)
 5 APPPATH\Controllers\Admin.php(26): view('admin/w-registration-link-list', [...])
 6 SYSTEMPATH\CodeIgniter.php(919): App\Controllers\Admin->registrationWalkInList()
 7 SYSTEMPATH\CodeIgniter.php(494): CodeIgniter\CodeIgniter->runController(Object(App\Controllers\Admin))
 8 SYSTEMPATH\CodeIgniter.php(353): CodeIgniter\CodeIgniter->handleRequest(null, Object(Config\Cache), false)
 9 FCPATH\index.php(82): CodeIgniter\CodeIgniter->run()
WARNING - 2023-09-18 03:46:43 --> [DEPRECATED] substr(): Passing null to parameter #1 ($string) of type string is deprecated in APPPATH\Views\admin\w-registration-link-list.php on line 24.
 1 APPPATH\Views\admin\w-registration-link-list.php(24): substr(null, 0, 100)
 2 SYSTEMPATH\View\View.php(226): include('C:\\xampp\\htdocs\\test\\handa\\app\\Views\\admin\\w-registration-link-list.php')
 3 SYSTEMPATH\View\View.php(229): CodeIgniter\View\View->CodeIgniter\View\{closure}()
 4 SYSTEMPATH\Common.php(1188): CodeIgniter\View\View->render('admin/w-registration-link-list', [], true)
 5 APPPATH\Controllers\Admin.php(26): view('admin/w-registration-link-list', [...])
 6 SYSTEMPATH\CodeIgniter.php(919): App\Controllers\Admin->registrationWalkInList()
 7 SYSTEMPATH\CodeIgniter.php(494): CodeIgniter\CodeIgniter->runController(Object(App\Controllers\Admin))
 8 SYSTEMPATH\CodeIgniter.php(353): CodeIgniter\CodeIgniter->handleRequest(null, Object(Config\Cache), false)
 9 FCPATH\index.php(82): CodeIgniter\CodeIgniter->run()
WARNING - 2023-09-18 03:46:43 --> [DEPRECATED] substr(): Passing null to parameter #1 ($string) of type string is deprecated in APPPATH\Views\admin\w-registration-link-list.php on line 24.
 1 APPPATH\Views\admin\w-registration-link-list.php(24): substr(null, 0, 100)
 2 SYSTEMPATH\View\View.php(226): include('C:\\xampp\\htdocs\\test\\handa\\app\\Views\\admin\\w-registration-link-list.php')
 3 SYSTEMPATH\View\View.php(229): CodeIgniter\View\View->CodeIgniter\View\{closure}()
 4 SYSTEMPATH\Common.php(1188): CodeIgniter\View\View->render('admin/w-registration-link-list', [], true)
 5 APPPATH\Controllers\Admin.php(26): view('admin/w-registration-link-list', [...])
 6 SYSTEMPATH\CodeIgniter.php(919): App\Controllers\Admin->registrationWalkInList()
 7 SYSTEMPATH\CodeIgniter.php(494): CodeIgniter\CodeIgniter->runController(Object(App\Controllers\Admin))
 8 SYSTEMPATH\CodeIgniter.php(353): CodeIgniter\CodeIgniter->handleRequest(null, Object(Config\Cache), false)
 9 FCPATH\index.php(82): CodeIgniter\CodeIgniter->run()
WARNING - 2023-09-18 03:46:43 --> [DEPRECATED] substr(): Passing null to parameter #1 ($string) of type string is deprecated in APPPATH\Views\admin\w-registration-link-list.php on line 24.
 1 APPPATH\Views\admin\w-registration-link-list.php(24): substr(null, 0, 100)
 2 SYSTEMPATH\View\View.php(226): include('C:\\xampp\\htdocs\\test\\handa\\app\\Views\\admin\\w-registration-link-list.php')
 3 SYSTEMPATH\View\View.php(229): CodeIgniter\View\View->CodeIgniter\View\{closure}()
 4 SYSTEMPATH\Common.php(1188): CodeIgniter\View\View->render('admin/w-registration-link-list', [], true)
 5 APPPATH\Controllers\Admin.php(26): view('admin/w-registration-link-list', [...])
 6 SYSTEMPATH\CodeIgniter.php(919): App\Controllers\Admin->registrationWalkInList()
 7 SYSTEMPATH\CodeIgniter.php(494): CodeIgniter\CodeIgniter->runController(Object(App\Controllers\Admin))
 8 SYSTEMPATH\CodeIgniter.php(353): CodeIgniter\CodeIgniter->handleRequest(null, Object(Config\Cache), false)
 9 FCPATH\index.php(82): CodeIgniter\CodeIgniter->run()
WARNING - 2023-09-18 03:46:43 --> [DEPRECATED] substr(): Passing null to parameter #1 ($string) of type string is deprecated in APPPATH\Views\admin\w-registration-link-list.php on line 24.
 1 APPPATH\Views\admin\w-registration-link-list.php(24): substr(null, 0, 100)
 2 SYSTEMPATH\View\View.php(226): include('C:\\xampp\\htdocs\\test\\handa\\app\\Views\\admin\\w-registration-link-list.php')
 3 SYSTEMPATH\View\View.php(229): CodeIgniter\View\View->CodeIgniter\View\{closure}()
 4 SYSTEMPATH\Common.php(1188): CodeIgniter\View\View->render('admin/w-registration-link-list', [], true)
 5 APPPATH\Controllers\Admin.php(26): view('admin/w-registration-link-list', [...])
 6 SYSTEMPATH\CodeIgniter.php(919): App\Controllers\Admin->registrationWalkInList()
 7 SYSTEMPATH\CodeIgniter.php(494): CodeIgniter\CodeIgniter->runController(Object(App\Controllers\Admin))
 8 SYSTEMPATH\CodeIgniter.php(353): CodeIgniter\CodeIgniter->handleRequest(null, Object(Config\Cache), false)
 9 FCPATH\index.php(82): CodeIgniter\CodeIgniter->run()
WARNING - 2023-09-18 03:46:43 --> [DEPRECATED] substr(): Passing null to parameter #1 ($string) of type string is deprecated in APPPATH\Views\admin\w-registration-link-list.php on line 24.
 1 APPPATH\Views\admin\w-registration-link-list.php(24): substr(null, 0, 100)
 2 SYSTEMPATH\View\View.php(226): include('C:\\xampp\\htdocs\\test\\handa\\app\\Views\\admin\\w-registration-link-list.php')
 3 SYSTEMPATH\View\View.php(229): CodeIgniter\View\View->CodeIgniter\View\{closure}()
 4 SYSTEMPATH\Common.php(1188): CodeIgniter\View\View->render('admin/w-registration-link-list', [], true)
 5 APPPATH\Controllers\Admin.php(26): view('admin/w-registration-link-list', [...])
 6 SYSTEMPATH\CodeIgniter.php(919): App\Controllers\Admin->registrationWalkInList()
 7 SYSTEMPATH\CodeIgniter.php(494): CodeIgniter\CodeIgniter->runController(Object(App\Controllers\Admin))
 8 SYSTEMPATH\CodeIgniter.php(353): CodeIgniter\CodeIgniter->handleRequest(null, Object(Config\Cache), false)
 9 FCPATH\index.php(82): CodeIgniter\CodeIgniter->run()
WARNING - 2023-09-18 03:46:43 --> [DEPRECATED] substr(): Passing null to parameter #1 ($string) of type string is deprecated in APPPATH\Views\admin\w-registration-link-list.php on line 24.
 1 APPPATH\Views\admin\w-registration-link-list.php(24): substr(null, 0, 100)
 2 SYSTEMPATH\View\View.php(226): include('C:\\xampp\\htdocs\\test\\handa\\app\\Views\\admin\\w-registration-link-list.php')
 3 SYSTEMPATH\View\View.php(229): CodeIgniter\View\View->CodeIgniter\View\{closure}()
 4 SYSTEMPATH\Common.php(1188): CodeIgniter\View\View->render('admin/w-registration-link-list', [], true)
 5 APPPATH\Controllers\Admin.php(26): view('admin/w-registration-link-list', [...])
 6 SYSTEMPATH\CodeIgniter.php(919): App\Controllers\Admin->registrationWalkInList()
 7 SYSTEMPATH\CodeIgniter.php(494): CodeIgniter\CodeIgniter->runController(Object(App\Controllers\Admin))
 8 SYSTEMPATH\CodeIgniter.php(353): CodeIgniter\CodeIgniter->handleRequest(null, Object(Config\Cache), false)
 9 FCPATH\index.php(82): CodeIgniter\CodeIgniter->run()
INFO - 2023-09-18 03:46:53 --> Session: Class initialized using 'CodeIgniter\Session\Handlers\FileHandler' driver.
INFO - 2023-09-18 03:46:54 --> Session: Class initialized using 'CodeIgniter\Session\Handlers\FileHandler' driver.
ERROR - 2023-09-18 03:46:54 --> mysqli_sql_exception: Unknown column 'tblattendance.event' in 'on clause' in C:\xampp\htdocs\test\system\Database\MySQLi\Connection.php:306
Stack trace:
#0 C:\xampp\htdocs\test\system\Database\MySQLi\Connection.php(306): mysqli->query('SELECT *\nFROM `...', 0)
#1 C:\xampp\htdocs\test\system\Database\BaseConnection.php(692): CodeIgniter\Database\MySQLi\Connection->execute('SELECT *\nFROM `...')
#2 C:\xampp\htdocs\test\system\Database\BaseConnection.php(606): CodeIgniter\Database\BaseConnection->simpleQuery('SELECT *\nFROM `...')
#3 C:\xampp\htdocs\test\system\Database\BaseBuilder.php(1615): CodeIgniter\Database\BaseConnection->query('SELECT *\nFROM `...', Array, false)
#4 C:\xampp\htdocs\test\handa\app\Models\AttendanceModel.php(63): CodeIgniter\Database\BaseBuilder->get()
#5 C:\xampp\htdocs\test\handa\app\Controllers\Attendance.php(21): App\Models\AttendanceModel->get_attendance_list('tblattendance', Array)
#6 C:\xampp\htdocs\test\system\CodeIgniter.php(919): App\Controllers\Attendance->index()
#7 C:\xampp\htdocs\test\system\CodeIgniter.php(494): CodeIgniter\CodeIgniter->runController(Object(App\Controllers\Attendance))
#8 C:\xampp\htdocs\test\system\CodeIgniter.php(353): CodeIgniter\CodeIgniter->handleRequest(NULL, Object(Config\Cache), false)
#9 C:\xampp\htdocs\test\handa\index.php(82): CodeIgniter\CodeIgniter->run()
#10 {main}
CRITICAL - 2023-09-18 03:46:54 --> Unknown column 'tblattendance.event' in 'on clause'
in SYSTEMPATH\Database\BaseConnection.php on line 646.
 1 SYSTEMPATH\Database\BaseBuilder.php(1615): CodeIgniter\Database\BaseConnection->query('SELECT *
FROM `tblattendance`
JOIN `tblparticipants` ON `tblparticipants`.`regnumber` = `tblattendance`.`regnumber`
JOIN `tblsector` ON `tblsector`.`sectorid` = `tblparticipants`.`sector`
JOIN `refregion` ON `refregion`.`regCode` = `tblparticipants`.`address_region`
JOIN `refprovince` ON `refprovince`.`provCode` = `tblparticipants`.`address_province`
JOIN `tblevents` ON `tblevents`.`shorthand` = `tblattendance`.`event`
ORDER BY `tblattendance`.`regnumber` DESC', [], false)
 2 APPPATH\Models\AttendanceModel.php(63): CodeIgniter\Database\BaseBuilder->get()
 3 APPPATH\Controllers\Attendance.php(21): App\Models\AttendanceModel->get_attendance_list('tblattendance', [...])
 4 SYSTEMPATH\CodeIgniter.php(919): App\Controllers\Attendance->index()
 5 SYSTEMPATH\CodeIgniter.php(494): CodeIgniter\CodeIgniter->runController(Object(App\Controllers\Attendance))
 6 SYSTEMPATH\CodeIgniter.php(353): CodeIgniter\CodeIgniter->handleRequest(null, Object(Config\Cache), false)
 7 FCPATH\index.php(82): CodeIgniter\CodeIgniter->run()
INFO - 2023-09-18 03:47:18 --> Session: Class initialized using 'CodeIgniter\Session\Handlers\FileHandler' driver.
ERROR - 2023-09-18 03:47:18 --> mysqli_sql_exception: Unknown column 'tblattendance.event' in 'on clause' in C:\xampp\htdocs\test\system\Database\MySQLi\Connection.php:306
Stack trace:
#0 C:\xampp\htdocs\test\system\Database\MySQLi\Connection.php(306): mysqli->query('SELECT *\nFROM `...', 0)
#1 C:\xampp\htdocs\test\system\Database\BaseConnection.php(692): CodeIgniter\Database\MySQLi\Connection->execute('SELECT *\nFROM `...')
#2 C:\xampp\htdocs\test\system\Database\BaseConnection.php(606): CodeIgniter\Database\BaseConnection->simpleQuery('SELECT *\nFROM `...')
#3 C:\xampp\htdocs\test\system\Database\BaseBuilder.php(1615): CodeIgniter\Database\BaseConnection->query('SELECT *\nFROM `...', Array, false)
#4 C:\xampp\htdocs\test\handa\app\Models\AttendanceModel.php(63): CodeIgniter\Database\BaseBuilder->get()
#5 C:\xampp\htdocs\test\handa\app\Controllers\Attendance.php(21): App\Models\AttendanceModel->get_attendance_list('tblattendance', Array)
#6 C:\xampp\htdocs\test\system\CodeIgniter.php(919): App\Controllers\Attendance->index()
#7 C:\xampp\htdocs\test\system\CodeIgniter.php(494): CodeIgniter\CodeIgniter->runController(Object(App\Controllers\Attendance))
#8 C:\xampp\htdocs\test\system\CodeIgniter.php(353): CodeIgniter\CodeIgniter->handleRequest(NULL, Object(Config\Cache), false)
#9 C:\xampp\htdocs\test\handa\index.php(82): CodeIgniter\CodeIgniter->run()
#10 {main}
CRITICAL - 2023-09-18 03:47:18 --> Unknown column 'tblattendance.event' in 'on clause'
in SYSTEMPATH\Database\BaseConnection.php on line 646.
 1 SYSTEMPATH\Database\BaseBuilder.php(1615): CodeIgniter\Database\BaseConnection->query('SELECT *
FROM `tblattendance`
JOIN `tblparticipants` ON `tblparticipants`.`regnumber` = `tblattendance`.`regnumber`
JOIN `tblsector` ON `tblsector`.`sectorid` = `tblparticipants`.`sector`
JOIN `refregion` ON `refregion`.`regCode` = `tblparticipants`.`address_region`
JOIN `refprovince` ON `refprovince`.`provCode` = `tblparticipants`.`address_province`
JOIN `tblevents` ON `tblevents`.`shorthand` = `tblattendance`.`event`
ORDER BY `tblattendance`.`regnumber` DESC', [], false)
 2 APPPATH\Models\AttendanceModel.php(63): CodeIgniter\Database\BaseBuilder->get()
 3 APPPATH\Controllers\Attendance.php(21): App\Models\AttendanceModel->get_attendance_list('tblattendance', [...])
 4 SYSTEMPATH\CodeIgniter.php(919): App\Controllers\Attendance->index()
 5 SYSTEMPATH\CodeIgniter.php(494): CodeIgniter\CodeIgniter->runController(Object(App\Controllers\Attendance))
 6 SYSTEMPATH\CodeIgniter.php(353): CodeIgniter\CodeIgniter->handleRequest(null, Object(Config\Cache), false)
 7 FCPATH\index.php(82): CodeIgniter\CodeIgniter->run()
INFO - 2023-09-18 03:48:02 --> Session: Class initialized using 'CodeIgniter\Session\Handlers\FileHandler' driver.
ERROR - 2023-09-18 03:48:02 --> mysqli_sql_exception: Unknown column 'tblattendance.event' in 'on clause' in C:\xampp\htdocs\test\system\Database\MySQLi\Connection.php:306
Stack trace:
#0 C:\xampp\htdocs\test\system\Database\MySQLi\Connection.php(306): mysqli->query('SELECT *\nFROM `...', 0)
#1 C:\xampp\htdocs\test\system\Database\BaseConnection.php(692): CodeIgniter\Database\MySQLi\Connection->execute('SELECT *\nFROM `...')
#2 C:\xampp\htdocs\test\system\Database\BaseConnection.php(606): CodeIgniter\Database\BaseConnection->simpleQuery('SELECT *\nFROM `...')
#3 C:\xampp\htdocs\test\system\Database\BaseBuilder.php(1615): CodeIgniter\Database\BaseConnection->query('SELECT *\nFROM `...', Array, false)
#4 C:\xampp\htdocs\test\handa\app\Models\AttendanceModel.php(63): CodeIgniter\Database\BaseBuilder->get()
#5 C:\xampp\htdocs\test\handa\app\Controllers\Attendance.php(21): App\Models\AttendanceModel->get_attendance_list('tblattendance', Array)
#6 C:\xampp\htdocs\test\system\CodeIgniter.php(919): App\Controllers\Attendance->index()
#7 C:\xampp\htdocs\test\system\CodeIgniter.php(494): CodeIgniter\CodeIgniter->runController(Object(App\Controllers\Attendance))
#8 C:\xampp\htdocs\test\system\CodeIgniter.php(353): CodeIgniter\CodeIgniter->handleRequest(NULL, Object(Config\Cache), false)
#9 C:\xampp\htdocs\test\handa\index.php(82): CodeIgniter\CodeIgniter->run()
#10 {main}
CRITICAL - 2023-09-18 03:48:02 --> Unknown column 'tblattendance.event' in 'on clause'
in SYSTEMPATH\Database\BaseConnection.php on line 646.
 1 SYSTEMPATH\Database\BaseBuilder.php(1615): CodeIgniter\Database\BaseConnection->query('SELECT *
FROM `tblattendance`
JOIN `tblparticipants` ON `tblparticipants`.`regnumber` = `tblattendance`.`regnumber`
JOIN `tblsector` ON `tblsector`.`sectorid` = `tblparticipants`.`sector`
JOIN `refregion` ON `refregion`.`regCode` = `tblparticipants`.`address_region`
JOIN `refprovince` ON `refprovince`.`provCode` = `tblparticipants`.`address_province`
JOIN `tblevents` ON `tblevents`.`shorthand` = `tblattendance`.`event`
ORDER BY `tblattendance`.`regnumber` DESC', [], false)
 2 APPPATH\Models\AttendanceModel.php(63): CodeIgniter\Database\BaseBuilder->get()
 3 APPPATH\Controllers\Attendance.php(21): App\Models\AttendanceModel->get_attendance_list('tblattendance', [...])
 4 SYSTEMPATH\CodeIgniter.php(919): App\Controllers\Attendance->index()
 5 SYSTEMPATH\CodeIgniter.php(494): CodeIgniter\CodeIgniter->runController(Object(App\Controllers\Attendance))
 6 SYSTEMPATH\CodeIgniter.php(353): CodeIgniter\CodeIgniter->handleRequest(null, Object(Config\Cache), false)
 7 FCPATH\index.php(82): CodeIgniter\CodeIgniter->run()
INFO - 2023-09-18 03:48:04 --> Session: Class initialized using 'CodeIgniter\Session\Handlers\FileHandler' driver.
ERROR - 2023-09-18 03:48:04 --> mysqli_sql_exception: Unknown column 'tblattendance.event' in 'on clause' in C:\xampp\htdocs\test\system\Database\MySQLi\Connection.php:306
Stack trace:
#0 C:\xampp\htdocs\test\system\Database\MySQLi\Connection.php(306): mysqli->query('SELECT *\nFROM `...', 0)
#1 C:\xampp\htdocs\test\system\Database\BaseConnection.php(692): CodeIgniter\Database\MySQLi\Connection->execute('SELECT *\nFROM `...')
#2 C:\xampp\htdocs\test\system\Database\BaseConnection.php(606): CodeIgniter\Database\BaseConnection->simpleQuery('SELECT *\nFROM `...')
#3 C:\xampp\htdocs\test\system\Database\BaseBuilder.php(1615): CodeIgniter\Database\BaseConnection->query('SELECT *\nFROM `...', Array, false)
#4 C:\xampp\htdocs\test\handa\app\Models\AttendanceModel.php(63): CodeIgniter\Database\BaseBuilder->get()
#5 C:\xampp\htdocs\test\handa\app\Controllers\Attendance.php(21): App\Models\AttendanceModel->get_attendance_list('tblattendance', Array)
#6 C:\xampp\htdocs\test\system\CodeIgniter.php(919): App\Controllers\Attendance->index()
#7 C:\xampp\htdocs\test\system\CodeIgniter.php(494): CodeIgniter\CodeIgniter->runController(Object(App\Controllers\Attendance))
#8 C:\xampp\htdocs\test\system\CodeIgniter.php(353): CodeIgniter\CodeIgniter->handleRequest(NULL, Object(Config\Cache), false)
#9 C:\xampp\htdocs\test\handa\index.php(82): CodeIgniter\CodeIgniter->run()
#10 {main}
CRITICAL - 2023-09-18 03:48:04 --> Unknown column 'tblattendance.event' in 'on clause'
in SYSTEMPATH\Database\BaseConnection.php on line 646.
 1 SYSTEMPATH\Database\BaseBuilder.php(1615): CodeIgniter\Database\BaseConnection->query('SELECT *
FROM `tblattendance`
JOIN `tblparticipants` ON `tblparticipants`.`regnumber` = `tblattendance`.`regnumber`
JOIN `tblsector` ON `tblsector`.`sectorid` = `tblparticipants`.`sector`
JOIN `refregion` ON `refregion`.`regCode` = `tblparticipants`.`address_region`
JOIN `refprovince` ON `refprovince`.`provCode` = `tblparticipants`.`address_province`
JOIN `tblevents` ON `tblevents`.`shorthand` = `tblattendance`.`event`
ORDER BY `tblattendance`.`regnumber` DESC', [], false)
 2 APPPATH\Models\AttendanceModel.php(63): CodeIgniter\Database\BaseBuilder->get()
 3 APPPATH\Controllers\Attendance.php(21): App\Models\AttendanceModel->get_attendance_list('tblattendance', [...])
 4 SYSTEMPATH\CodeIgniter.php(919): App\Controllers\Attendance->index()
 5 SYSTEMPATH\CodeIgniter.php(494): CodeIgniter\CodeIgniter->runController(Object(App\Controllers\Attendance))
 6 SYSTEMPATH\CodeIgniter.php(353): CodeIgniter\CodeIgniter->handleRequest(null, Object(Config\Cache), false)
 7 FCPATH\index.php(82): CodeIgniter\CodeIgniter->run()
INFO - 2023-09-18 04:16:11 --> Session: Class initialized using 'CodeIgniter\Session\Handlers\FileHandler' driver.
INFO - 2023-09-18 04:16:25 --> Session: Class initialized using 'CodeIgniter\Session\Handlers\FileHandler' driver.
INFO - 2023-09-18 04:16:25 --> Session: Class initialized using 'CodeIgniter\Session\Handlers\FileHandler' driver.
INFO - 2023-09-18 04:16:34 --> Session: Class initialized using 'CodeIgniter\Session\Handlers\FileHandler' driver.
INFO - 2023-09-18 04:16:42 --> Session: Class initialized using 'CodeIgniter\Session\Handlers\FileHandler' driver.
INFO - 2023-09-18 04:16:42 --> Session: Class initialized using 'CodeIgniter\Session\Handlers\FileHandler' driver.
INFO - 2023-09-18 04:16:45 --> Session: Class initialized using 'CodeIgniter\Session\Handlers\FileHandler' driver.
INFO - 2023-09-18 04:16:48 --> Session: Class initialized using 'CodeIgniter\Session\Handlers\FileHandler' driver.
CRITICAL - 2023-09-18 04:16:48 --> Undefined variable $pagetitle
in APPPATH/Views/templates/main.php on line 7.
 1 APPPATH/Views/templates/main.php(7): CodeIgniter\Debug\Exceptions->errorHandler()
 2 SYSTEMPATH/View/View.php(226): include('/var/www/handa-registration/handa/app/Views/templates/main.php')
 3 SYSTEMPATH/View/View.php(229): CodeIgniter\View\View->CodeIgniter\View\{closure}()
 4 SYSTEMPATH/View/View.php(242): CodeIgniter\View\View->render()
 5 SYSTEMPATH/Common.php(1188): CodeIgniter\View\View->render()
 6 APPPATH/Controllers/Registration.php(32): view()
 7 SYSTEMPATH/CodeIgniter.php(919): App\Controllers\Registration->event()
 8 SYSTEMPATH/CodeIgniter.php(494): CodeIgniter\CodeIgniter->runController()
 9 SYSTEMPATH/CodeIgniter.php(353): CodeIgniter\CodeIgniter->handleRequest()
10 FCPATH/index.php(82): CodeIgniter\CodeIgniter->run()
INFO - 2023-09-18 04:17:30 --> Session: Class initialized using 'CodeIgniter\Session\Handlers\FileHandler' driver.
INFO - 2023-09-18 04:29:59 --> Session: Class initialized using 'CodeIgniter\Session\Handlers\FileHandler' driver.
INFO - 2023-09-18 04:30:13 --> Session: Class initialized using 'CodeIgniter\Session\Handlers\FileHandler' driver.
INFO - 2023-09-18 04:30:29 --> Session: Class initialized using 'CodeIgniter\Session\Handlers\FileHandler' driver.
INFO - 2023-09-18 04:30:32 --> Session: Class initialized using 'CodeIgniter\Session\Handlers\FileHandler' driver.
INFO - 2023-09-18 04:30:35 --> Session: Class initialized using 'CodeIgniter\Session\Handlers\FileHandler' driver.
INFO - 2023-09-18 04:31:09 --> Session: Class initialized using 'CodeIgniter\Session\Handlers\FileHandler' driver.
INFO - 2023-09-18 04:31:13 --> Session: Class initialized using 'CodeIgniter\Session\Handlers\FileHandler' driver.
ERROR - 2023-09-18 04:31:13 --> Error connecting to the database: mysqli_sql_exception: Access denied for user 'root'@'localhost' (using password: YES) in C:\xampp\htdocs\dostx-registration\system\Database\MySQLi\Connection.php:185
Stack trace:
#0 C:\xampp\htdocs\dostx-registration\system\Database\MySQLi\Connection.php(185): mysqli->real_connect('localhost', 'root', 'D0$Tregion10', 'conplan', 3306, '', 0)
#1 C:\xampp\htdocs\dostx-registration\system\Database\BaseConnection.php(391): CodeIgniter\Database\MySQLi\Connection->connect(false)
#2 C:\xampp\htdocs\dostx-registration\system\Database\BaseConnection.php(574): CodeIgniter\Database\BaseConnection->initialize()
#3 C:\xampp\htdocs\dostx-registration\system\Database\BaseBuilder.php(1615): CodeIgniter\Database\BaseConnection->query('SELECT *\nFROM `...', Array, false)
#4 C:\xampp\htdocs\dostx-registration\handa\app\Models\HomeModel.php(14): CodeIgniter\Database\BaseBuilder->get()
#5 C:\xampp\htdocs\dostx-registration\handa\app\Controllers\Home.php(24): App\Models\HomeModel->get_data('tbluser', Array)
#6 C:\xampp\htdocs\dostx-registration\system\CodeIgniter.php(919): App\Controllers\Home->login()
#7 C:\xampp\htdocs\dostx-registration\system\CodeIgniter.php(494): CodeIgniter\CodeIgniter->runController(Object(App\Controllers\Home))
#8 C:\xampp\htdocs\dostx-registration\system\CodeIgniter.php(353): CodeIgniter\CodeIgniter->handleRequest(NULL, Object(Config\Cache), false)
#9 C:\xampp\htdocs\dostx-registration\handa\index.php(82): CodeIgniter\CodeIgniter->run()
#10 {main}

Next CodeIgniter\Database\Exceptions\DatabaseException: Access denied for user '****'@'localhost' (using password: YES) in C:\xampp\htdocs\dostx-registration\system\Database\MySQLi\Connection.php:229
Stack trace:
#0 C:\xampp\htdocs\dostx-registration\system\Database\BaseConnection.php(391): CodeIgniter\Database\MySQLi\Connection->connect(false)
#1 C:\xampp\htdocs\dostx-registration\system\Database\BaseConnection.php(574): CodeIgniter\Database\BaseConnection->initialize()
#2 C:\xampp\htdocs\dostx-registration\system\Database\BaseBuilder.php(1615): CodeIgniter\Database\BaseConnection->query('SELECT *\nFROM `...', Array, false)
#3 C:\xampp\htdocs\dostx-registration\handa\app\Models\HomeModel.php(14): CodeIgniter\Database\BaseBuilder->get()
#4 C:\xampp\htdocs\dostx-registration\handa\app\Controllers\Home.php(24): App\Models\HomeModel->get_data('tbluser', Array)
#5 C:\xampp\htdocs\dostx-registration\system\CodeIgniter.php(919): App\Controllers\Home->login()
#6 C:\xampp\htdocs\dostx-registration\system\CodeIgniter.php(494): CodeIgniter\CodeIgniter->runController(Object(App\Controllers\Home))
#7 C:\xampp\htdocs\dostx-registration\system\CodeIgniter.php(353): CodeIgniter\CodeIgniter->handleRequest(NULL, Object(Config\Cache), false)
#8 C:\xampp\htdocs\dostx-registration\handa\index.php(82): CodeIgniter\CodeIgniter->run()
#9 {main}
CRITICAL - 2023-09-18 04:31:13 --> Unable to connect to the database.
Main connection [MySQLi]: Access denied for user '****'@'localhost' (using password: YES)
in SYSTEMPATH\Database\BaseConnection.php on line 427.
 1 SYSTEMPATH\Database\BaseConnection.php(574): CodeIgniter\Database\BaseConnection->initialize()
 2 SYSTEMPATH\Database\BaseBuilder.php(1615): CodeIgniter\Database\BaseConnection->query('SELECT *
FROM `tbluser`
WHERE `username` = :username:', [...], false)
 3 APPPATH\Models\HomeModel.php(14): CodeIgniter\Database\BaseBuilder->get()
 4 APPPATH\Controllers\Home.php(24): App\Models\HomeModel->get_data('tbluser', [...])
 5 SYSTEMPATH\CodeIgniter.php(919): App\Controllers\Home->login()
 6 SYSTEMPATH\CodeIgniter.php(494): CodeIgniter\CodeIgniter->runController(Object(App\Controllers\Home))
 7 SYSTEMPATH\CodeIgniter.php(353): CodeIgniter\CodeIgniter->handleRequest(null, Object(Config\Cache), false)
 8 FCPATH\index.php(82): CodeIgniter\CodeIgniter->run()
INFO - 2023-09-18 04:31:30 --> Session: Class initialized using 'CodeIgniter\Session\Handlers\FileHandler' driver.
INFO - 2023-09-18 04:31:49 --> Session: Class initialized using 'CodeIgniter\Session\Handlers\FileHandler' driver.
INFO - 2023-09-18 04:31:49 --> Session: Class initialized using 'CodeIgniter\Session\Handlers\FileHandler' driver.
INFO - 2023-09-18 04:31:49 --> Session: Class initialized using 'CodeIgniter\Session\Handlers\FileHandler' driver.
INFO - 2023-09-18 04:32:13 --> Session: Class initialized using 'CodeIgniter\Session\Handlers\FileHandler' driver.
INFO - 2023-09-18 04:32:13 --> Session: Class initialized using 'CodeIgniter\Session\Handlers\FileHandler' driver.
INFO - 2023-09-18 04:32:13 --> Session: Class initialized using 'CodeIgniter\Session\Handlers\FileHandler' driver.
INFO - 2023-09-18 04:32:15 --> Session: Class initialized using 'CodeIgniter\Session\Handlers\FileHandler' driver.
INFO - 2023-09-18 04:32:28 --> Session: Class initialized using 'CodeIgniter\Session\Handlers\FileHandler' driver.
INFO - 2023-09-18 04:32:32 --> Session: Class initialized using 'CodeIgniter\Session\Handlers\FileHandler' driver.
INFO - 2023-09-18 04:32:35 --> Session: Class initialized using 'CodeIgniter\Session\Handlers\FileHandler' driver.
INFO - 2023-09-18 04:32:35 --> Session: Class initialized using 'CodeIgniter\Session\Handlers\FileHandler' driver.
INFO - 2023-09-18 04:32:35 --> Session: Class initialized using 'CodeIgniter\Session\Handlers\FileHandler' driver.
INFO - 2023-09-18 04:32:35 --> Session: Class initialized using 'CodeIgniter\Session\Handlers\FileHandler' driver.
INFO - 2023-09-18 04:32:37 --> Session: Class initialized using 'CodeIgniter\Session\Handlers\FileHandler' driver.
INFO - 2023-09-18 04:32:37 --> Session: Class initialized using 'CodeIgniter\Session\Handlers\FileHandler' driver.
INFO - 2023-09-18 04:32:44 --> Session: Class initialized using 'CodeIgniter\Session\Handlers\FileHandler' driver.
INFO - 2023-09-18 04:32:59 --> Session: Class initialized using 'CodeIgniter\Session\Handlers\FileHandler' driver.
INFO - 2023-09-18 04:33:02 --> Session: Class initialized using 'CodeIgniter\Session\Handlers\FileHandler' driver.
INFO - 2023-09-18 04:33:02 --> Session: Class initialized using 'CodeIgniter\Session\Handlers\FileHandler' driver.
INFO - 2023-09-18 04:33:09 --> Session: Class initialized using 'CodeIgniter\Session\Handlers\FileHandler' driver.
INFO - 2023-09-18 04:33:09 --> Session: Class initialized using 'CodeIgniter\Session\Handlers\FileHandler' driver.
INFO - 2023-09-18 04:33:09 --> Session: Class initialized using 'CodeIgniter\Session\Handlers\FileHandler' driver.
INFO - 2023-09-18 04:33:09 --> Session: Class initialized using 'CodeIgniter\Session\Handlers\FileHandler' driver.
INFO - 2023-09-18 04:33:13 --> Session: Class initialized using 'CodeIgniter\Session\Handlers\FileHandler' driver.
WARNING - 2023-09-18 04:33:13 --> [DEPRECATED] substr(): Passing null to parameter #1 ($string) of type string is deprecated in APPPATH\Views\admin\registration-link-list.php on line 27.
 1 APPPATH\Views\admin\registration-link-list.php(27): substr(null, 0, 100)
 2 SYSTEMPATH\View\View.php(226): include('C:\\xampp\\htdocs\\dostx-registration\\handa\\app\\Views\\admin\\registration-link-list.php')
 3 SYSTEMPATH\View\View.php(229): CodeIgniter\View\View->CodeIgniter\View\{closure}()
 4 SYSTEMPATH\Common.php(1188): CodeIgniter\View\View->render('admin/registration-link-list', [], true)
 5 APPPATH\Controllers\Admin.php(20): view('admin/registration-link-list', [...])
 6 SYSTEMPATH\CodeIgniter.php(919): App\Controllers\Admin->registrationList()
 7 SYSTEMPATH\CodeIgniter.php(494): CodeIgniter\CodeIgniter->runController(Object(App\Controllers\Admin))
 8 SYSTEMPATH\CodeIgniter.php(353): CodeIgniter\CodeIgniter->handleRequest(null, Object(Config\Cache), false)
 9 FCPATH\index.php(82): CodeIgniter\CodeIgniter->run()
WARNING - 2023-09-18 04:33:13 --> [DEPRECATED] substr(): Passing null to parameter #1 ($string) of type string is deprecated in APPPATH\Views\admin\registration-link-list.php on line 27.
 1 APPPATH\Views\admin\registration-link-list.php(27): substr(null, 0, 100)
 2 SYSTEMPATH\View\View.php(226): include('C:\\xampp\\htdocs\\dostx-registration\\handa\\app\\Views\\admin\\registration-link-list.php')
 3 SYSTEMPATH\View\View.php(229): CodeIgniter\View\View->CodeIgniter\View\{closure}()
 4 SYSTEMPATH\Common.php(1188): CodeIgniter\View\View->render('admin/registration-link-list', [], true)
 5 APPPATH\Controllers\Admin.php(20): view('admin/registration-link-list', [...])
 6 SYSTEMPATH\CodeIgniter.php(919): App\Controllers\Admin->registrationList()
 7 SYSTEMPATH\CodeIgniter.php(494): CodeIgniter\CodeIgniter->runController(Object(App\Controllers\Admin))
 8 SYSTEMPATH\CodeIgniter.php(353): CodeIgniter\CodeIgniter->handleRequest(null, Object(Config\Cache), false)
 9 FCPATH\index.php(82): CodeIgniter\CodeIgniter->run()
WARNING - 2023-09-18 04:33:13 --> [DEPRECATED] substr(): Passing null to parameter #1 ($string) of type string is deprecated in APPPATH\Views\admin\registration-link-list.php on line 27.
 1 APPPATH\Views\admin\registration-link-list.php(27): substr(null, 0, 100)
 2 SYSTEMPATH\View\View.php(226): include('C:\\xampp\\htdocs\\dostx-registration\\handa\\app\\Views\\admin\\registration-link-list.php')
 3 SYSTEMPATH\View\View.php(229): CodeIgniter\View\View->CodeIgniter\View\{closure}()
 4 SYSTEMPATH\Common.php(1188): CodeIgniter\View\View->render('admin/registration-link-list', [], true)
 5 APPPATH\Controllers\Admin.php(20): view('admin/registration-link-list', [...])
 6 SYSTEMPATH\CodeIgniter.php(919): App\Controllers\Admin->registrationList()
 7 SYSTEMPATH\CodeIgniter.php(494): CodeIgniter\CodeIgniter->runController(Object(App\Controllers\Admin))
 8 SYSTEMPATH\CodeIgniter.php(353): CodeIgniter\CodeIgniter->handleRequest(null, Object(Config\Cache), false)
 9 FCPATH\index.php(82): CodeIgniter\CodeIgniter->run()
WARNING - 2023-09-18 04:33:13 --> [DEPRECATED] substr(): Passing null to parameter #1 ($string) of type string is deprecated in APPPATH\Views\admin\registration-link-list.php on line 27.
 1 APPPATH\Views\admin\registration-link-list.php(27): substr(null, 0, 100)
 2 SYSTEMPATH\View\View.php(226): include('C:\\xampp\\htdocs\\dostx-registration\\handa\\app\\Views\\admin\\registration-link-list.php')
 3 SYSTEMPATH\View\View.php(229): CodeIgniter\View\View->CodeIgniter\View\{closure}()
 4 SYSTEMPATH\Common.php(1188): CodeIgniter\View\View->render('admin/registration-link-list', [], true)
 5 APPPATH\Controllers\Admin.php(20): view('admin/registration-link-list', [...])
 6 SYSTEMPATH\CodeIgniter.php(919): App\Controllers\Admin->registrationList()
 7 SYSTEMPATH\CodeIgniter.php(494): CodeIgniter\CodeIgniter->runController(Object(App\Controllers\Admin))
 8 SYSTEMPATH\CodeIgniter.php(353): CodeIgniter\CodeIgniter->handleRequest(null, Object(Config\Cache), false)
 9 FCPATH\index.php(82): CodeIgniter\CodeIgniter->run()
WARNING - 2023-09-18 04:33:13 --> [DEPRECATED] substr(): Passing null to parameter #1 ($string) of type string is deprecated in APPPATH\Views\admin\registration-link-list.php on line 27.
 1 APPPATH\Views\admin\registration-link-list.php(27): substr(null, 0, 100)
 2 SYSTEMPATH\View\View.php(226): include('C:\\xampp\\htdocs\\dostx-registration\\handa\\app\\Views\\admin\\registration-link-list.php')
 3 SYSTEMPATH\View\View.php(229): CodeIgniter\View\View->CodeIgniter\View\{closure}()
 4 SYSTEMPATH\Common.php(1188): CodeIgniter\View\View->render('admin/registration-link-list', [], true)
 5 APPPATH\Controllers\Admin.php(20): view('admin/registration-link-list', [...])
 6 SYSTEMPATH\CodeIgniter.php(919): App\Controllers\Admin->registrationList()
 7 SYSTEMPATH\CodeIgniter.php(494): CodeIgniter\CodeIgniter->runController(Object(App\Controllers\Admin))
 8 SYSTEMPATH\CodeIgniter.php(353): CodeIgniter\CodeIgniter->handleRequest(null, Object(Config\Cache), false)
 9 FCPATH\index.php(82): CodeIgniter\CodeIgniter->run()
WARNING - 2023-09-18 04:33:13 --> [DEPRECATED] substr(): Passing null to parameter #1 ($string) of type string is deprecated in APPPATH\Views\admin\registration-link-list.php on line 27.
 1 APPPATH\Views\admin\registration-link-list.php(27): substr(null, 0, 100)
 2 SYSTEMPATH\View\View.php(226): include('C:\\xampp\\htdocs\\dostx-registration\\handa\\app\\Views\\admin\\registration-link-list.php')
 3 SYSTEMPATH\View\View.php(229): CodeIgniter\View\View->CodeIgniter\View\{closure}()
 4 SYSTEMPATH\Common.php(1188): CodeIgniter\View\View->render('admin/registration-link-list', [], true)
 5 APPPATH\Controllers\Admin.php(20): view('admin/registration-link-list', [...])
 6 SYSTEMPATH\CodeIgniter.php(919): App\Controllers\Admin->registrationList()
 7 SYSTEMPATH\CodeIgniter.php(494): CodeIgniter\CodeIgniter->runController(Object(App\Controllers\Admin))
 8 SYSTEMPATH\CodeIgniter.php(353): CodeIgniter\CodeIgniter->handleRequest(null, Object(Config\Cache), false)
 9 FCPATH\index.php(82): CodeIgniter\CodeIgniter->run()
WARNING - 2023-09-18 04:33:13 --> [DEPRECATED] substr(): Passing null to parameter #1 ($string) of type string is deprecated in APPPATH\Views\admin\registration-link-list.php on line 27.
 1 APPPATH\Views\admin\registration-link-list.php(27): substr(null, 0, 100)
 2 SYSTEMPATH\View\View.php(226): include('C:\\xampp\\htdocs\\dostx-registration\\handa\\app\\Views\\admin\\registration-link-list.php')
 3 SYSTEMPATH\View\View.php(229): CodeIgniter\View\View->CodeIgniter\View\{closure}()
 4 SYSTEMPATH\Common.php(1188): CodeIgniter\View\View->render('admin/registration-link-list', [], true)
 5 APPPATH\Controllers\Admin.php(20): view('admin/registration-link-list', [...])
 6 SYSTEMPATH\CodeIgniter.php(919): App\Controllers\Admin->registrationList()
 7 SYSTEMPATH\CodeIgniter.php(494): CodeIgniter\CodeIgniter->runController(Object(App\Controllers\Admin))
 8 SYSTEMPATH\CodeIgniter.php(353): CodeIgniter\CodeIgniter->handleRequest(null, Object(Config\Cache), false)
 9 FCPATH\index.php(82): CodeIgniter\CodeIgniter->run()
WARNING - 2023-09-18 04:33:13 --> [DEPRECATED] substr(): Passing null to parameter #1 ($string) of type string is deprecated in APPPATH\Views\admin\registration-link-list.php on line 27.
 1 APPPATH\Views\admin\registration-link-list.php(27): substr(null, 0, 100)
 2 SYSTEMPATH\View\View.php(226): include('C:\\xampp\\htdocs\\dostx-registration\\handa\\app\\Views\\admin\\registration-link-list.php')
 3 SYSTEMPATH\View\View.php(229): CodeIgniter\View\View->CodeIgniter\View\{closure}()
 4 SYSTEMPATH\Common.php(1188): CodeIgniter\View\View->render('admin/registration-link-list', [], true)
 5 APPPATH\Controllers\Admin.php(20): view('admin/registration-link-list', [...])
 6 SYSTEMPATH\CodeIgniter.php(919): App\Controllers\Admin->registrationList()
 7 SYSTEMPATH\CodeIgniter.php(494): CodeIgniter\CodeIgniter->runController(Object(App\Controllers\Admin))
 8 SYSTEMPATH\CodeIgniter.php(353): CodeIgniter\CodeIgniter->handleRequest(null, Object(Config\Cache), false)
 9 FCPATH\index.php(82): CodeIgniter\CodeIgniter->run()
WARNING - 2023-09-18 04:33:13 --> [DEPRECATED] substr(): Passing null to parameter #1 ($string) of type string is deprecated in APPPATH\Views\admin\registration-link-list.php on line 27.
 1 APPPATH\Views\admin\registration-link-list.php(27): substr(null, 0, 100)
 2 SYSTEMPATH\View\View.php(226): include('C:\\xampp\\htdocs\\dostx-registration\\handa\\app\\Views\\admin\\registration-link-list.php')
 3 SYSTEMPATH\View\View.php(229): CodeIgniter\View\View->CodeIgniter\View\{closure}()
 4 SYSTEMPATH\Common.php(1188): CodeIgniter\View\View->render('admin/registration-link-list', [], true)
 5 APPPATH\Controllers\Admin.php(20): view('admin/registration-link-list', [...])
 6 SYSTEMPATH\CodeIgniter.php(919): App\Controllers\Admin->registrationList()
 7 SYSTEMPATH\CodeIgniter.php(494): CodeIgniter\CodeIgniter->runController(Object(App\Controllers\Admin))
 8 SYSTEMPATH\CodeIgniter.php(353): CodeIgniter\CodeIgniter->handleRequest(null, Object(Config\Cache), false)
 9 FCPATH\index.php(82): CodeIgniter\CodeIgniter->run()
WARNING - 2023-09-18 04:33:13 --> [DEPRECATED] substr(): Passing null to parameter #1 ($string) of type string is deprecated in APPPATH\Views\admin\registration-link-list.php on line 27.
 1 APPPATH\Views\admin\registration-link-list.php(27): substr(null, 0, 100)
 2 SYSTEMPATH\View\View.php(226): include('C:\\xampp\\htdocs\\dostx-registration\\handa\\app\\Views\\admin\\registration-link-list.php')
 3 SYSTEMPATH\View\View.php(229): CodeIgniter\View\View->CodeIgniter\View\{closure}()
 4 SYSTEMPATH\Common.php(1188): CodeIgniter\View\View->render('admin/registration-link-list', [], true)
 5 APPPATH\Controllers\Admin.php(20): view('admin/registration-link-list', [...])
 6 SYSTEMPATH\CodeIgniter.php(919): App\Controllers\Admin->registrationList()
 7 SYSTEMPATH\CodeIgniter.php(494): CodeIgniter\CodeIgniter->runController(Object(App\Controllers\Admin))
 8 SYSTEMPATH\CodeIgniter.php(353): CodeIgniter\CodeIgniter->handleRequest(null, Object(Config\Cache), false)
 9 FCPATH\index.php(82): CodeIgniter\CodeIgniter->run()
WARNING - 2023-09-18 04:33:13 --> [DEPRECATED] substr(): Passing null to parameter #1 ($string) of type string is deprecated in APPPATH\Views\admin\registration-link-list.php on line 27.
 1 APPPATH\Views\admin\registration-link-list.php(27): substr(null, 0, 100)
 2 SYSTEMPATH\View\View.php(226): include('C:\\xampp\\htdocs\\dostx-registration\\handa\\app\\Views\\admin\\registration-link-list.php')
 3 SYSTEMPATH\View\View.php(229): CodeIgniter\View\View->CodeIgniter\View\{closure}()
 4 SYSTEMPATH\Common.php(1188): CodeIgniter\View\View->render('admin/registration-link-list', [], true)
 5 APPPATH\Controllers\Admin.php(20): view('admin/registration-link-list', [...])
 6 SYSTEMPATH\CodeIgniter.php(919): App\Controllers\Admin->registrationList()
 7 SYSTEMPATH\CodeIgniter.php(494): CodeIgniter\CodeIgniter->runController(Object(App\Controllers\Admin))
 8 SYSTEMPATH\CodeIgniter.php(353): CodeIgniter\CodeIgniter->handleRequest(null, Object(Config\Cache), false)
 9 FCPATH\index.php(82): CodeIgniter\CodeIgniter->run()
WARNING - 2023-09-18 04:33:13 --> [DEPRECATED] substr(): Passing null to parameter #1 ($string) of type string is deprecated in APPPATH\Views\admin\registration-link-list.php on line 27.
 1 APPPATH\Views\admin\registration-link-list.php(27): substr(null, 0, 100)
 2 SYSTEMPATH\View\View.php(226): include('C:\\xampp\\htdocs\\dostx-registration\\handa\\app\\Views\\admin\\registration-link-list.php')
 3 SYSTEMPATH\View\View.php(229): CodeIgniter\View\View->CodeIgniter\View\{closure}()
 4 SYSTEMPATH\Common.php(1188): CodeIgniter\View\View->render('admin/registration-link-list', [], true)
 5 APPPATH\Controllers\Admin.php(20): view('admin/registration-link-list', [...])
 6 SYSTEMPATH\CodeIgniter.php(919): App\Controllers\Admin->registrationList()
 7 SYSTEMPATH\CodeIgniter.php(494): CodeIgniter\CodeIgniter->runController(Object(App\Controllers\Admin))
 8 SYSTEMPATH\CodeIgniter.php(353): CodeIgniter\CodeIgniter->handleRequest(null, Object(Config\Cache), false)
 9 FCPATH\index.php(82): CodeIgniter\CodeIgniter->run()
WARNING - 2023-09-18 04:33:13 --> [DEPRECATED] substr(): Passing null to parameter #1 ($string) of type string is deprecated in APPPATH\Views\admin\registration-link-list.php on line 27.
 1 APPPATH\Views\admin\registration-link-list.php(27): substr(null, 0, 100)
 2 SYSTEMPATH\View\View.php(226): include('C:\\xampp\\htdocs\\dostx-registration\\handa\\app\\Views\\admin\\registration-link-list.php')
 3 SYSTEMPATH\View\View.php(229): CodeIgniter\View\View->CodeIgniter\View\{closure}()
 4 SYSTEMPATH\Common.php(1188): CodeIgniter\View\View->render('admin/registration-link-list', [], true)
 5 APPPATH\Controllers\Admin.php(20): view('admin/registration-link-list', [...])
 6 SYSTEMPATH\CodeIgniter.php(919): App\Controllers\Admin->registrationList()
 7 SYSTEMPATH\CodeIgniter.php(494): CodeIgniter\CodeIgniter->runController(Object(App\Controllers\Admin))
 8 SYSTEMPATH\CodeIgniter.php(353): CodeIgniter\CodeIgniter->handleRequest(null, Object(Config\Cache), false)
 9 FCPATH\index.php(82): CodeIgniter\CodeIgniter->run()
INFO - 2023-09-18 04:33:13 --> Session: Class initialized using 'CodeIgniter\Session\Handlers\FileHandler' driver.
INFO - 2023-09-18 04:33:13 --> Session: Class initialized using 'CodeIgniter\Session\Handlers\FileHandler' driver.
INFO - 2023-09-18 04:33:19 --> Session: Class initialized using 'CodeIgniter\Session\Handlers\FileHandler' driver.
INFO - 2023-09-18 04:33:53 --> Session: Class initialized using 'CodeIgniter\Session\Handlers\FileHandler' driver.
INFO - 2023-09-18 04:34:04 --> Session: Class initialized using 'CodeIgniter\Session\Handlers\FileHandler' driver.
INFO - 2023-09-18 04:34:15 --> Session: Class initialized using 'CodeIgniter\Session\Handlers\FileHandler' driver.
